"D:/UnrealProject/KuyuurVR/Content/Assets/Materials/M_BaseColor.uasset" 0
"D:/UnrealProject/KuyuurVR/Content/Assets/Meshes/Arms/BaseArm/VR_Arm_R_Skeleton.uasset" 1
"D:/UnrealProject/KuyuurVR/Content/Assets/Meshes/Arms/BaseArm/VR_Arm_R_CanGrab.uasset" 2
"D:/UnrealProject/KuyuurVR/Content/Assets/Meshes/Arms/BaseArm/VR_Arm_R_Grab.uasset" 3
"D:/UnrealProject/KuyuurVR/Content/Assets/Meshes/Arms/BaseArm/VR_Arm_R_GrabHard.uasset" 4
"D:/UnrealProject/KuyuurVR/Content/Assets/Meshes/Arms/BaseArm/VR_Arm_R_idle.uasset" 5
"D:/UnrealProject/KuyuurVR/Content/Assets/Meshes/Arms/LineShape/M_Basic_Wall.uasset" 6
"../../../Engine/Content/Functions/Engine_MaterialFunctions01/Texturing/FlattenNormal.uasset" 7
"../../../Engine/Content/Functions/Engine_MaterialFunctions02/Utility/VectorLength.uasset" 8
"../../../Engine/Content/EngineMaterials/BlendFunc_DefBase.uasset" 9
"../../../Engine/Content/EngineMaterials/BlendFunc_DefBlend.uasset" 10
"../../../Engine/Content/Functions/Engine_MaterialFunctions03/Blends/Blend_Overlay.uasset" 11
"../../../Engine/Content/EngineVolumetrics/Fogsheet/Materials/T_EV_BlankWhite_01.uasset" 12
"D:/UnrealProject/KuyuurVR/Content/MSPresets/MSTextures/Albedo.uasset" 13
"D:/UnrealProject/KuyuurVR/Content/MSPresets/MSTextures/Normal.uasset" 14
"D:/UnrealProject/KuyuurVR/Content/MSPresets/MSTextures/Roughness.uasset" 15
"D:/UnrealProject/KuyuurVR/Content/MSPresets/MS_DefaultMaterial_Displacement/MS_DefaultMaterial_Displacement.uasset" 16
"D:/UnrealProject/KuyuurVR/Content/Megascans/Surfaces/Wooden_Planks_00/tiynbcjbw_2K_Albedo.uasset" 17
"D:/UnrealProject/KuyuurVR/Content/Megascans/Surfaces/Wooden_Planks_00/tiynbcjbw_2K_Displacement.uasset" 18
"D:/UnrealProject/KuyuurVR/Content/Megascans/Surfaces/Wooden_Planks_00/tiynbcjbw_2K_Normal.uasset" 19
"D:/UnrealProject/KuyuurVR/Content/Megascans/Surfaces/Wooden_Planks_00/tiynbcjbw_2K_Roughness.uasset" 20
"D:/UnrealProject/KuyuurVR/Content/Megascans/Surfaces/Wooden_Planks_00/Wooden_Planks_00_inst.uasset" 21
"D:/UnrealProject/KuyuurVR/Content/Assets/Meshes/Balagan/RoofTest.uasset" 22
"D:/UnrealProject/KuyuurVR/Content/Assets/Meshes/Hint/HintArrow_Skeleton.uasset" 23
"D:/UnrealProject/KuyuurVR/Content/Assets/Meshes/Hint/HintArrow_Anim.uasset" 24
"D:/UnrealProject/KuyuurVR/Content/Assets/Materials/M_Emiss2.uasset" 25
"D:/UnrealProject/KuyuurVR/Content/Assets/Textures/Masks1.uasset" 26
"D:/UnrealProject/KuyuurVR/Content/Assets/Materials/M_HintArrow.uasset" 27
"D:/UnrealProject/KuyuurVR/Content/Assets/Meshes/Hint/HintArrow_PhysicsAsset.uasset" 28
"D:/UnrealProject/KuyuurVR/Content/Assets/Meshes/Hint/HintArrow.uasset" 29
"D:/UnrealProject/KuyuurVR/Content/Assets/Textures/dust.uasset" 30
"D:/UnrealProject/KuyuurVR/Content/Assets/Materials/M_BatteryFX.uasset" 31
"D:/UnrealProject/KuyuurVR/Content/Assets/Particles/P_Finish.uasset" 32
"D:/UnrealProject/KuyuurVR/Content/Assets/Meshes/Hint/BP_Hint.uasset" 33
"D:/UnrealProject/KuyuurVR/Content/Assets/Textures/panel_brdr_d.uasset" 34
"D:/UnrealProject/KuyuurVR/Content/Assets/Materials/M_panelNew.uasset" 35
"D:/UnrealProject/KuyuurVR/Content/Assets/Meshes/KuyuurBuilding/InfoPanel.uasset" 36
"../../../Engine/Content/EngineFonts/Faces/RobotoBold.uasset" 37
"../../../Engine/Content/EngineFonts/Faces/RobotoBoldItalic.uasset" 38
"../../../Engine/Content/EngineFonts/Faces/RobotoItalic.uasset" 39
"../../../Engine/Content/EngineFonts/Faces/RobotoLight.uasset" 40
"../../../Engine/Content/EngineFonts/Faces/RobotoRegular.uasset" 41
"D:/UnrealProject/KuyuurVR/Content/Staff/DialogueFont.uasset" 42
"D:/UnrealProject/KuyuurVR/Content/Widget/TextWidget.uasset" 43
"D:/UnrealProject/KuyuurVR/Content/UseActor/Widget/BP_InfoPanel.uasset" 44
"D:/UnrealProject/KuyuurVR/Content/Assets/Meshes/KuyuurBuilding/BP_InfoPanel.uasset" 45
"D:/UnrealProject/KuyuurVR/Content/Assets/Textures/KStartBeresta_D.uasset" 46
"D:/UnrealProject/KuyuurVR/Content/Assets/Materials/M_panelBeresta.uasset" 47
"D:/UnrealProject/KuyuurVR/Content/Assets/Meshes/KuyuurBuilding/KStartBG.uasset" 48
"D:/UnrealProject/KuyuurVR/Content/Assets/Meshes/KuyuurBuilding/KStartBrdrs.uasset" 49
"D:/UnrealProject/KuyuurVR/Content/Assets/Textures/Start_Icon_D.uasset" 50
"D:/UnrealProject/KuyuurVR/Content/Assets/Materials/M_StartLogo.uasset" 51
"D:/UnrealProject/KuyuurVR/Content/Assets/Meshes/KuyuurBuilding/KStartLogo.uasset" 52
"D:/UnrealProject/KuyuurVR/Content/Assets/UI/b_simple_0.uasset" 53
"D:/UnrealProject/KuyuurVR/Content/Assets/UI/b_simple_1.uasset" 54
"D:/UnrealProject/KuyuurVR/Content/Widget/Startbuttom.uasset" 55
"D:/UnrealProject/KuyuurVR/Content/UseActor/Widget/BP_KStart.uasset" 56
"D:/UnrealProject/KuyuurVR/Content/Assets/Meshes/KuyuurBuilding/BP_KStart.uasset" 57
"D:/UnrealProject/KuyuurVR/Content/Assets/Meshes/KuyuurBuilding/PhotosPanel.uasset" 58
"D:/UnrealProject/KuyuurVR/Content/Assets/Documentation/Image/01.uasset" 59
"D:/UnrealProject/KuyuurVR/Content/Assets/Documentation/Image/02.uasset" 60
"D:/UnrealProject/KuyuurVR/Content/Assets/Documentation/Image/03.uasset" 61
"D:/UnrealProject/KuyuurVR/Content/Assets/Documentation/Image/04.uasset" 62
"D:/UnrealProject/KuyuurVR/Content/Assets/Documentation/Image/05.uasset" 63
"D:/UnrealProject/KuyuurVR/Content/Assets/Documentation/Image/06.uasset" 64
"D:/UnrealProject/KuyuurVR/Content/Assets/Documentation/Image/07.uasset" 65
"D:/UnrealProject/KuyuurVR/Content/Assets/Documentation/Image/08.uasset" 66
"D:/UnrealProject/KuyuurVR/Content/Assets/Documentation/Image/09.uasset" 67
"D:/UnrealProject/KuyuurVR/Content/Assets/Documentation/Image/10.uasset" 68
"D:/UnrealProject/KuyuurVR/Content/Widget/widget.uasset" 69
"D:/UnrealProject/KuyuurVR/Content/Widget/ImageWidget.uasset" 70
"D:/UnrealProject/KuyuurVR/Content/UseActor/Widget/BP_PhotosPanel.uasset" 71
"D:/UnrealProject/KuyuurVR/Content/Assets/Meshes/KuyuurBuilding/BP_PhotosPanel.uasset" 72
"D:/UnrealProject/KuyuurVR/Content/Assets/Materials/M_Emiss.uasset" 73
"D:/UnrealProject/KuyuurVR/Content/Assets/Meshes/KuyuurBuilding/PlaceCircle.uasset" 74
"D:/UnrealProject/KuyuurVR/Content/Assets/Meshes/KuyuurBuilding/PlaceDecor.uasset" 75
"D:/UnrealProject/KuyuurVR/Content/Assets/Materials/M_Color1.uasset" 76
"D:/UnrealProject/KuyuurVR/Content/Assets/Meshes/KuyuurBuilding/PlacePart01.uasset" 77
"D:/UnrealProject/KuyuurVR/Content/Assets/Materials/M_PlaceCenter.uasset" 78
"D:/UnrealProject/KuyuurVR/Content/Assets/Materials/MI_PlaceCenter.uasset" 79
"D:/UnrealProject/KuyuurVR/Content/Assets/Meshes/KuyuurBuilding/PlacePart2.uasset" 80
"D:/UnrealProject/KuyuurVR/Content/Assets/Meshes/KuyuurBuilding/BP_Place.uasset" 81
"D:/UnrealProject/KuyuurVR/Content/Assets/Meshes/KuyuurBuilding/InfoPanelBrdr.uasset" 82
"D:/UnrealProject/KuyuurVR/Content/Assets/Meshes/KuyuurBuilding/PhotosPanelBrdr.uasset" 83
"D:/UnrealProject/KuyuurVR/Content/Assets/Meshes/KuyuurInstruments/KNet_Skeleton.uasset" 84
"D:/UnrealProject/KuyuurVR/Content/Assets/Meshes/KuyuurInstruments/KNet_Anim.uasset" 85
"D:/UnrealProject/KuyuurVR/Content/Assets/Particles/Materials/MF_NearCameraFade.uasset" 86
"D:/UnrealProject/KuyuurVR/Content/Assets/Textures/t_spark_single_dirty.uasset" 87
"D:/UnrealProject/KuyuurVR/Content/Assets/Particles/Materials/M_spark_dirty.uasset" 88
"D:/UnrealProject/KuyuurVR/Content/Assets/Props/Materials/M_Master.uasset" 89
"D:/UnrealProject/KuyuurVR/Content/Assets/Props/Materials/MI_Snow.uasset" 90
"D:/UnrealProject/KuyuurVR/Content/Assets/Props/Snow.uasset" 91
"D:/UnrealProject/KuyuurVR/Content/Assets/Sounds/fish_hit1.uasset" 92
"D:/UnrealProject/KuyuurVR/Content/Assets/Sounds/fish_hit2.uasset" 93
"D:/UnrealProject/KuyuurVR/Content/Assets/Sounds/fish_hit3.uasset" 94
"D:/UnrealProject/KuyuurVR/Content/Assets/Sounds/fish_hits_Cue.uasset" 95
"D:/UnrealProject/KuyuurVR/Content/Assets/Sounds/ice_hit1.uasset" 96
"D:/UnrealProject/KuyuurVR/Content/Assets/Sounds/ice_hit2.uasset" 97
"D:/UnrealProject/KuyuurVR/Content/Assets/Sounds/ice_hit3.uasset" 98
"D:/UnrealProject/KuyuurVR/Content/Assets/Sounds/ice_hit4.uasset" 99
"D:/UnrealProject/KuyuurVR/Content/Assets/Sounds/ice_hit5.uasset" 100
"D:/UnrealProject/KuyuurVR/Content/Assets/Sounds/ice_remove_splash.uasset" 101
"D:/UnrealProject/KuyuurVR/Content/Assets/Sounds/ice_remove_splash_Cue.uasset" 102
"D:/UnrealProject/KuyuurVR/Content/Assets/Sounds/instr_spawn1.uasset" 103
"D:/UnrealProject/KuyuurVR/Content/Assets/Sounds/instr_spawn2.uasset" 104
"D:/UnrealProject/KuyuurVR/Content/Assets/Sounds/instr_spawn3.uasset" 105
"D:/UnrealProject/KuyuurVR/Content/Assets/Sounds/instr_spawn_Cue.uasset" 106
"D:/UnrealProject/KuyuurVR/Content/Assets/Sounds/snow_hit1.uasset" 107
"D:/UnrealProject/KuyuurVR/Content/Assets/Sounds/snow_hit2.uasset" 108
"D:/UnrealProject/KuyuurVR/Content/Assets/Sounds/snow_hit3.uasset" 109
"D:/UnrealProject/KuyuurVR/Content/Assets/Sounds/snow_hit4.uasset" 110
"D:/UnrealProject/KuyuurVR/Content/Assets/Sounds/snow_hit5.uasset" 111
"D:/UnrealProject/KuyuurVR/Content/Assets/Sounds/take_item.uasset" 112
"D:/UnrealProject/KuyuurVR/Content/Assets/Sounds/take_item_Cue.uasset" 113
"D:/UnrealProject/KuyuurVR/Content/Assets/Sounds/ui_photo_click.uasset" 114
"D:/UnrealProject/KuyuurVR/Content/Assets/Sounds/ui_photo_click_Cue.uasset" 115
"D:/UnrealProject/KuyuurVR/Content/Assets/Sounds/water_stir1.uasset" 116
"D:/UnrealProject/KuyuurVR/Content/Assets/Sounds/water_stir2.uasset" 117
"D:/UnrealProject/KuyuurVR/Content/Assets/Sounds/water_stir3.uasset" 118
"D:/UnrealProject/KuyuurVR/Content/Assets/Sounds/water_stir_Cue.uasset" 119
"D:/UnrealProject/KuyuurVR/Content/Assets/Textures/qbArR_2K_AO.uasset" 120
"D:/UnrealProject/KuyuurVR/Content/Assets/Textures/qbArR_2K_Displacement.uasset" 121
"D:/UnrealProject/KuyuurVR/Content/Assets/Textures/tcbkdcfr_2K_AO.uasset" 122
"D:/UnrealProject/KuyuurVR/Content/Assets/Textures/tcbkdcfr_2K_Displacement.uasset" 123
"D:/UnrealProject/KuyuurVR/Content/Assets/Textures/tcbkdcfr_2K_Translucency.uasset" 124
"../../../Engine/Content/Functions/Engine_MaterialFunctions02/Utility/BlendAngleCorrectedNormals.uasset" 125
"../../../Engine/Content/Functions/MaterialLayerFunctions/MatLayerBlend_NormalBlend.uasset" 126
"../../../Engine/Content/Functions/MaterialLayerFunctions/MatLayerBlend_Simple.uasset" 127
"D:/UnrealProject/KuyuurVR/Content/Mannequin/Character/Materials/MaterialLayers/T_ML_Rubber_Blue_01_D.uasset" 128
"D:/UnrealProject/KuyuurVR/Content/Mannequin/Character/Materials/MaterialLayers/T_ML_Rubber_Blue_01_N.uasset" 129
"D:/UnrealProject/KuyuurVR/Content/Mannequin/Character/Materials/MaterialLayers/ML_GlossyBlack_Latex_UE4.uasset" 130
"D:/UnrealProject/KuyuurVR/Content/Mannequin/Character/Materials/MaterialLayers/ML_Plastic_Shiny_Beige.uasset" 131
"D:/UnrealProject/KuyuurVR/Content/Mannequin/Character/Textures/UE4_LOGO_CARD.uasset" 132
"D:/UnrealProject/KuyuurVR/Content/Mannequin/Character/Materials/MaterialLayers/ML_Plastic_Shiny_Beige_LOGO.uasset" 133
"D:/UnrealProject/KuyuurVR/Content/Mannequin/Character/Materials/MaterialLayers/T_ML_Aluminum01.uasset" 134
"D:/UnrealProject/KuyuurVR/Content/Mannequin/Character/Materials/MaterialLayers/T_ML_Aluminum01_N.uasset" 135
"D:/UnrealProject/KuyuurVR/Content/Mannequin/Character/Materials/MaterialLayers/ML_SoftMetal_UE4.uasset" 136
"D:/UnrealProject/KuyuurVR/Content/Mannequin/Character/Textures/UE4_Mannequin__normals.uasset" 137
"D:/UnrealProject/KuyuurVR/Content/Mannequin/Character/Textures/UE4_Mannequin_MAT_MASKA.uasset" 138
"D:/UnrealProject/KuyuurVR/Content/Mannequin/Character/Materials/M_UE4Man_Body.uasset" 139
"D:/UnrealProject/KuyuurVR/Content/Mannequin/Character/Textures/UE4Man_Logo_N.uasset" 140
"D:/UnrealProject/KuyuurVR/Content/Mannequin/Character/Materials/M_UE4Man_ChestLogo.uasset" 141
"D:/UnrealProject/KuyuurVR/Content/Mannequin/Character/Mesh/SK_Mannequin_PhysicsAsset.uasset" 142
"D:/UnrealProject/KuyuurVR/Content/Mannequin/Character/Mesh/UE4_Mannequin_Skeleton.uasset" 143
"D:/UnrealProject/KuyuurVR/Content/Mannequin/Character/Mesh/SK_Mannequin.uasset" 144
"D:/UnrealProject/KuyuurVR/Content/Megascans/Surfaces/Construction_Gravel_00/pjwui_2K_AO.uasset" 145
"D:/UnrealProject/KuyuurVR/Content/Megascans/Surfaces/Cracked_Soil_00/rmgfzqp_2K_AO.uasset" 146
"D:/UnrealProject/KuyuurVR/Content/Megascans/Surfaces/Forest_Moss_2x2_M_00/tjtnccno_2K_Albedo.uasset" 147
"D:/UnrealProject/KuyuurVR/Content/Megascans/Surfaces/Forest_Moss_2x2_M_00/tjtnccno_2K_Displacement.uasset" 148
"D:/UnrealProject/KuyuurVR/Content/Megascans/Surfaces/Forest_Moss_2x2_M_00/tjtnccno_2K_Normal.uasset" 149
"D:/UnrealProject/KuyuurVR/Content/Megascans/Surfaces/Forest_Moss_2x2_M_00/tjtnccno_2K_Roughness.uasset" 150
"D:/UnrealProject/KuyuurVR/Content/Megascans/Surfaces/Forest_Moss_2x2_M_00/Forest_Moss_2x2_M_00_inst.uasset" 151
"D:/UnrealProject/KuyuurVR/Content/Megascans/Surfaces/Forest_Moss_2x2_M_00/tjtnccno_2K_AO.uasset" 152
"D:/UnrealProject/KuyuurVR/Content/Megascans/Surfaces/Fresh_Harvest_2x2_M_00/tmjmbhsl_2K_Albedo.uasset" 153
"D:/UnrealProject/KuyuurVR/Content/Megascans/Surfaces/Fresh_Harvest_2x2_M_00/tmjmbhsl_2K_Displacement.uasset" 154
"D:/UnrealProject/KuyuurVR/Content/Megascans/Surfaces/Fresh_Harvest_2x2_M_00/tmjmbhsl_2K_Normal.uasset" 155
"D:/UnrealProject/KuyuurVR/Content/Megascans/Surfaces/Fresh_Harvest_2x2_M_00/tmjmbhsl_2K_Roughness.uasset" 156
"D:/UnrealProject/KuyuurVR/Content/Megascans/Surfaces/Fresh_Harvest_2x2_M_00/Fresh_Harvest_2x2_M_00_inst.uasset" 157
"D:/UnrealProject/KuyuurVR/Content/Megascans/Surfaces/Fresh_Harvest_2x2_M_00/tmjmbhsl_2K_AO.uasset" 158
"D:/UnrealProject/KuyuurVR/Content/Megascans/Surfaces/Lawn_Grass_00/tkynejer_2K_Albedo.uasset" 159
"D:/UnrealProject/KuyuurVR/Content/Megascans/Surfaces/Lawn_Grass_00/tkynejer_2K_Displacement.uasset" 160
"D:/UnrealProject/KuyuurVR/Content/Megascans/Surfaces/Lawn_Grass_00/tkynejer_2K_Normal.uasset" 161
"D:/UnrealProject/KuyuurVR/Content/Megascans/Surfaces/Lawn_Grass_00/tkynejer_2K_Roughness.uasset" 162
"D:/UnrealProject/KuyuurVR/Content/Megascans/Surfaces/Lawn_Grass_00/Lawn_Grass_00_inst.uasset" 163
"D:/UnrealProject/KuyuurVR/Content/Megascans/Surfaces/Lawn_Grass_00/tkynejer_2K_AO.uasset" 164
"D:/UnrealProject/KuyuurVR/Content/Megascans/Surfaces/Old_Log_Wall_2x2_M_00/tg1adi3bw_2K_AO.uasset" 165
"D:/UnrealProject/KuyuurVR/Content/Megascans/Surfaces/Rock_Smooth_00/oksi7_2K_AO.uasset" 166
"D:/UnrealProject/KuyuurVR/Content/Megascans/Surfaces/Rock_Smooth_00/oksi7_2K_Albedo.uasset" 167
"D:/UnrealProject/KuyuurVR/Content/Megascans/Surfaces/Rock_Smooth_00/oksi7_2K_Displacement.uasset" 168
"D:/UnrealProject/KuyuurVR/Content/Megascans/Surfaces/Rock_Smooth_00/oksi7_2K_Normal.uasset" 169
"D:/UnrealProject/KuyuurVR/Content/Megascans/Surfaces/Rock_Smooth_00/oksi7_2K_Roughness.uasset" 170
"D:/UnrealProject/KuyuurVR/Content/Megascans/Surfaces/Rock_Smooth_00/Rock_Smooth_00_inst.uasset" 171
"D:/UnrealProject/KuyuurVR/Content/Megascans/Surfaces/Swamp_Soil_00/tjmhfcjl_2K_Albedo.uasset" 172
"D:/UnrealProject/KuyuurVR/Content/Megascans/Surfaces/Swamp_Soil_00/tjmhfcjl_2K_Displacement.uasset" 173
"D:/UnrealProject/KuyuurVR/Content/Megascans/Surfaces/Swamp_Soil_00/tjmhfcjl_2K_Normal.uasset" 174
"D:/UnrealProject/KuyuurVR/Content/Megascans/Surfaces/Swamp_Soil_00/tjmhfcjl_2K_Roughness.uasset" 175
"D:/UnrealProject/KuyuurVR/Content/Megascans/Surfaces/Swamp_Soil_00/Swamp_Soil_00_inst.uasset" 176
"D:/UnrealProject/KuyuurVR/Content/Megascans/Surfaces/Swamp_Soil_00/tjmhfcjl_2K_AO.uasset" 177
"D:/UnrealProject/KuyuurVR/Content/Megascans/Surfaces/Wooden_Panel_2x2_M_00/teilffxg_2K_AO.uasset" 178
"D:/UnrealProject/KuyuurVR/Content/Megascans/Surfaces/Wooden_Planks_00/tiynbcjbw_2K_AO.uasset" 179
"D:/UnrealProject/KuyuurVR/Content/Megascans/Surfaces/Wooden_Planks_2x2_M_00/tjtkfjkfw_2K_AO.uasset" 180
"D:/UnrealProject/KuyuurVR/Content/Megascans/Surfaces/Wooden_Planks_2x2_M_01/tf1medls_2K_AO.uasset" 181
"D:/UnrealProject/KuyuurVR/Content/Megascans/Surfaces/Worn_Old_Planks_2x2_M_00/td2jfcmt_2K_AO.uasset" 182
"D:/UnrealProject/KuyuurVR/Content/Megascans/Surfaces/Worn_Old_Planks_2x2_M_00/td2jfcmt_2K_Albedo.uasset" 183
"D:/UnrealProject/KuyuurVR/Content/Megascans/Surfaces/Worn_Old_Planks_2x2_M_00/td2jfcmt_2K_Displacement.uasset" 184
"D:/UnrealProject/KuyuurVR/Content/Megascans/Surfaces/Worn_Old_Planks_2x2_M_00/td2jfcmt_2K_Normal.uasset" 185
"D:/UnrealProject/KuyuurVR/Content/Megascans/Surfaces/Worn_Old_Planks_2x2_M_00/td2jfcmt_2K_Roughness.uasset" 186
"D:/UnrealProject/KuyuurVR/Content/Megascans/Surfaces/Worn_Old_Planks_2x2_M_00/Worn_Old_Planks_2x2_M_00_inst.uasset" 187
"D:/UnrealProject/KuyuurVR/Content/MeshCharacter/Stew/Stew_Skeleton.uasset" 188
"D:/UnrealProject/KuyuurVR/Content/MeshCharacter/Stew/Stew_Talking.uasset" 189
"D:/UnrealProject/KuyuurVR/Content/MSPresets/MSTextures/AO.uasset" 190
"D:/UnrealProject/KuyuurVR/Content/MSPresets/MSTextures/Displacement.uasset" 191
"D:/UnrealProject/KuyuurVR/Content/MSPresets/MSTextures/Metalness.uasset" 192
"D:/UnrealProject/KuyuurVR/Content/Splash/EdSplash.uasset" 193
"D:/UnrealProject/KuyuurVR/Content/Splash/Splash.uasset" 194
"D:/UnrealProject/KuyuurVR/Content/Staff/Kuyuur_MainInstruments/Ins.uasset" 195
"D:/UnrealProject/KuyuurVR/Content/Staff/Kuyuur_MainInstruments/KuyuurBase.uasset" 196
"D:/UnrealProject/KuyuurVR/Content/Staff/Kuyuur_MainInstruments/KuyuurInstrument.uasset" 197
"D:/UnrealProject/KuyuurVR/Content/Staff/Kuyuur_MainInstruments/Lopata.uasset" 198
"D:/UnrealProject/KuyuurVR/Content/Staff/Kuyuur_MainInstruments/Spear.uasset" 199
"D:/UnrealProject/KuyuurVR/Content/Staff/OldMan.uasset" 200
"D:/UnrealProject/KuyuurVR/Content/Staff/Sound/Begining.uasset" 201
"D:/UnrealProject/KuyuurVR/Content/Staff/Sound/begin.uasset" 202
"D:/UnrealProject/KuyuurVR/Content/StarterContent/Textures/T_Burst_M.uasset" 203
"D:/UnrealProject/KuyuurVR/Content/StarterContent/Particles/Materials/M_Burst.uasset" 204
"D:/UnrealProject/KuyuurVR/Content/StarterContent/Textures/T_Explosion_SubUV.uasset" 205
"D:/UnrealProject/KuyuurVR/Content/StarterContent/Particles/Materials/M_explosion_subUV.uasset" 206
"D:/UnrealProject/KuyuurVR/Content/StarterContent/Particles/Materials/m_flare_01.uasset" 207
"../../../Engine/Content/Functions/Engine_MaterialFunctions01/Gradient/RadialGradient.uasset" 208
"D:/UnrealProject/KuyuurVR/Content/StarterContent/Particles/Materials/M_radial_ramp.uasset" 209
"D:/UnrealProject/KuyuurVR/Content/StarterContent/Textures/T_Smoke_SubUV.uasset" 210
"D:/UnrealProject/KuyuurVR/Content/StarterContent/Textures/T_Smoke_Tiled_D.uasset" 211
"D:/UnrealProject/KuyuurVR/Content/StarterContent/Particles/Materials/M_smoke_subUV.uasset" 212
"D:/UnrealProject/KuyuurVR/Content/StarterContent/Particles/P_Explosion.uasset" 213
"D:/UnrealProject/KuyuurVR/Content/StarterContent/Materials/M_Basic_Wall.uasset" 214
"D:/UnrealProject/KuyuurVR/Content/StarterContent/Shapes/Shape_Cylinder.uasset" 215
"D:/UnrealProject/KuyuurVR/Content/Character/InteractActor.uasset" 216
"../../../Engine/Content/BasicShapes/BasicShapeMaterial.uasset" 217
"../../../Engine/Content/Functions/Engine_MaterialFunctions01/Opacity/CameraDepthFade.uasset" 218
"../../../Engine/Content/EngineMaterials/T_Default_Material_Grid_M.uasset" 219
"../../../Engine/Content/EngineMaterials/T_Default_Material_Grid_N.uasset" 220
"../../../Engine/Content/EngineMaterials/DefaultMaterial.uasset" 221
"../../../Engine/Content/BasicShapes/Sphere.uasset" 222
"D:/UnrealProject/KuyuurVR/Content/UseActor/Master/Actor_OneHandMaster.uasset" 223
"D:/UnrealProject/KuyuurVR/Content/Assets/Props/Choroon.uasset" 224
"D:/UnrealProject/KuyuurVR/Content/UseActor/Choroon.uasset" 225
"D:/UnrealProject/KuyuurVR/Content/MeshCharacter/oldman/OldmanFinal_Skeleton.uasset" 226
"D:/UnrealProject/KuyuurVR/Content/MeshCharacter/oldman/Oldman_Idle.uasset" 227
"D:/UnrealProject/KuyuurVR/Content/MeshCharacter/oldman/OldManAnimBP.uasset" 228
"D:/UnrealProject/KuyuurVR/Content/MeshCharacter/oldman/Oldman_Talking.uasset" 229
"D:/UnrealProject/KuyuurVR/Content/MeshCharacter/oldman/Talking.uasset" 230
"D:/UnrealProject/KuyuurVR/Content/MeshCharacter/oldman/Oldman_Waving.uasset" 231
"D:/UnrealProject/KuyuurVR/Content/MeshCharacter/oldman/Waving.uasset" 232
"../../../Engine/Content/EditorBlueprintResources/StandardMacros.uasset" 233
"D:/UnrealProject/KuyuurVR/Content/Assets/Materials/Ice1.uasset" 234
"D:/UnrealProject/KuyuurVR/Content/Assets/Materials/Ice1_Inst.uasset" 235
"D:/UnrealProject/KuyuurVR/Content/UseActor/Master/MasterTeleport.uasset" 236
"D:/UnrealProject/KuyuurVR/Content/Assets/Meshes/Arms/Glove/VR_Glove_Skeleton.uasset" 237
"D:/UnrealProject/KuyuurVR/Content/Assets/Meshes/Arms/Glove/CanGrab.uasset" 238
"D:/UnrealProject/KuyuurVR/Content/Assets/Meshes/Arms/Glove/Grab.uasset" 239
"D:/UnrealProject/KuyuurVR/Content/Assets/Meshes/Arms/Glove/Idle.uasset" 240
"D:/UnrealProject/KuyuurVR/Content/Assets/Meshes/Arms/Glove/CanGrab_BS.uasset" 241
"D:/UnrealProject/KuyuurVR/Content/Character/State.uasset" 242
"D:/UnrealProject/KuyuurVR/Content/Assets/Meshes/Arms/Glove/AnimBP_Glove.uasset" 243
"D:/UnrealProject/KuyuurVR/Content/Assets/Textures/FP_Arm_Em.uasset" 244
"D:/UnrealProject/KuyuurVR/Content/Assets/Textures/VR_Glove_D.uasset" 245
"D:/UnrealProject/KuyuurVR/Content/Assets/Textures/VR_Glove_NM.uasset" 246
"D:/UnrealProject/KuyuurVR/Content/Assets/Textures/VR_Glove_ORM.uasset" 247
"D:/UnrealProject/KuyuurVR/Content/Assets/Materials/VR_Glove1.uasset" 248
"D:/UnrealProject/KuyuurVR/Content/Assets/Meshes/Arms/Glove/VR_Glove_PhysicsAsset.uasset" 249
"D:/UnrealProject/KuyuurVR/Content/Assets/Meshes/Arms/Glove/VR_Glove.uasset" 250
"D:/UnrealProject/KuyuurVR/Content/Character/VR_MotionPawn_Kuyuur.uasset" 251
"D:/UnrealProject/KuyuurVR/Content/UseActor/Spawner_kuyuur.uasset" 252
"D:/UnrealProject/KuyuurVR/Content/Assets/Textures/KInstruments_D.uasset" 253
"D:/UnrealProject/KuyuurVR/Content/Assets/Textures/KInstruments_NM.uasset" 254
"D:/UnrealProject/KuyuurVR/Content/Assets/Textures/KInstruments_ORM.uasset" 255
"D:/UnrealProject/KuyuurVR/Content/Assets/Materials/M_KInstruments.uasset" 256
"D:/UnrealProject/KuyuurVR/Content/Assets/Meshes/KuyuurInstruments/KBase.uasset" 257
"D:/UnrealProject/KuyuurVR/Content/Assets/Meshes/KuyuurInstruments/KInstr.uasset" 258
"D:/UnrealProject/KuyuurVR/Content/Assets/Textures/KInstruments_Opacity.uasset" 259
"D:/UnrealProject/KuyuurVR/Content/Assets/Materials/M_KNet.uasset" 260
"D:/UnrealProject/KuyuurVR/Content/Assets/Meshes/KuyuurInstruments/KNet_PhysicsAsset.uasset" 261
"D:/UnrealProject/KuyuurVR/Content/Assets/Meshes/KuyuurInstruments/KNet.uasset" 262
"D:/UnrealProject/KuyuurVR/Content/UseActor/KuyuurPlacer.uasset" 263
"D:/UnrealProject/KuyuurVR/Content/UseActor/kuyuur.uasset" 264
"D:/UnrealProject/KuyuurVR/Content/Effects/Dot_material.uasset" 265
"../../../Engine/Content/Functions/Engine_MaterialFunctions01/Gradient/LinearGradient.uasset" 266
"D:/UnrealProject/KuyuurVR/Content/Effects/Gardient.uasset" 267
"D:/UnrealProject/KuyuurVR/Content/Effects/Gradient_inst.uasset" 268
"../../../Engine/Content/BasicShapes/Cylinder.uasset" 269
"D:/UnrealProject/KuyuurVR/Content/Assets/Textures/FP_Arm_D.uasset" 270
"D:/UnrealProject/KuyuurVR/Content/Assets/Textures/FP_Arm_NM.uasset" 271
"D:/UnrealProject/KuyuurVR/Content/Assets/Textures/FP_Arm_ORM.uasset" 272
"D:/UnrealProject/KuyuurVR/Content/Assets/Materials/M_FS_Arm.uasset" 273
"D:/UnrealProject/KuyuurVR/Content/Assets/Meshes/Arms/BaseArm/VR_Arm_R_PhysicsAsset.uasset" 274
"D:/UnrealProject/KuyuurVR/Content/Assets/Meshes/Arms/BaseArm/VR_Arm_R.uasset" 275
"../../../Engine/Content/EngineMaterials/WorldGridMaterial.uasset" 276
"D:/UnrealProject/KuyuurVR/Content/StarterContent/Props/MaterialSphere.uasset" 277
"D:/UnrealProject/KuyuurVR/Content/Staff/P112.uasset" 278
"D:/UnrealProject/KuyuurVR/Content/Staff/P112_Font.uasset" 279
"D:/UnrealProject/KuyuurVR/Content/Widget/DialogueWidget.uasset" 280
"D:/UnrealProject/KuyuurVR/Content/Widget/EyeWidget.uasset" 281
"D:/UnrealProject/KuyuurVR/Content/Character/VR_MotionPawn_Urassa.uasset" 282
"D:/UnrealProject/KuyuurVR/Content/UseActor/Help.uasset" 283
"D:/UnrealProject/KuyuurVR/Content/Assets/Particles/P_Tap.uasset" 284
"D:/UnrealProject/KuyuurVR/Content/UseActor/TouchBP_Master.uasset" 285
"D:/UnrealProject/KuyuurVR/Content/MeshCharacter/oldman/Lesnik_D.uasset" 286
"D:/UnrealProject/KuyuurVR/Content/MeshCharacter/oldman/lesnik_NM.uasset" 287
"D:/UnrealProject/KuyuurVR/Content/MeshCharacter/oldman/OldMan_material.uasset" 288
"D:/UnrealProject/KuyuurVR/Content/MeshCharacter/oldman/OldmanFinal_PhysicsAsset.uasset" 289
"D:/UnrealProject/KuyuurVR/Content/MeshCharacter/oldman/OldmanFinal.uasset" 290
"D:/UnrealProject/KuyuurVR/Content/Staff/Sound/1-5/1.uasset" 291
"D:/UnrealProject/KuyuurVR/Content/Staff/Sound/1-5/2.uasset" 292
"D:/UnrealProject/KuyuurVR/Content/Staff/Sound/1-5/3.uasset" 293
"D:/UnrealProject/KuyuurVR/Content/Staff/Sound/1-5/4.uasset" 294
"D:/UnrealProject/KuyuurVR/Content/Staff/Sound/1-5/5.uasset" 295
"D:/UnrealProject/KuyuurVR/Content/UseActor/Master/AI_Master_Character.uasset" 296
"D:/UnrealProject/KuyuurVR/Content/UseActor/DialogueActor.uasset" 297
"D:/UnrealProject/KuyuurVR/Content/UseActor/KuyuurPlacer_Touch.uasset" 298
"D:/UnrealProject/KuyuurVR/Content/UseActor/Kuyuur_Touch.uasset" 299
"D:/UnrealProject/KuyuurVR/Content/UseActor/Shovel_touch.uasset" 300
"D:/UnrealProject/KuyuurVR/Content/UseActor/Speare_Touch.uasset" 301
"D:/UnrealProject/KuyuurVR/Content/Assets/Props/CylTable.uasset" 302
"D:/UnrealProject/KuyuurVR/Content/Assets/Props/DispalyPanel.uasset" 303
"D:/UnrealProject/KuyuurVR/Content/UseActor/WidgetActor.uasset" 304
"D:/UnrealProject/KuyuurVR/Content/UseActor/HitActor/HealthComponent.uasset" 305
"D:/UnrealProject/KuyuurVR/Content/Assets/Textures/t_core_shapes_add.uasset" 306
"D:/UnrealProject/KuyuurVR/Content/Assets/Particles/Materials/M_CoreShapes.uasset" 307
"D:/UnrealProject/KuyuurVR/Content/Assets/Textures/t_cloud_graypack_02.uasset" 308
"D:/UnrealProject/KuyuurVR/Content/Assets/Textures/t_cloud_noise_01.uasset" 309
"D:/UnrealProject/KuyuurVR/Content/Assets/Textures/t_distort_channels.uasset" 310
"D:/UnrealProject/KuyuurVR/Content/Assets/Textures/t_NormalTest.uasset" 311
"D:/UnrealProject/KuyuurVR/Content/Assets/Textures/t_smoke_gravity_2.uasset" 312
"D:/UnrealProject/KuyuurVR/Content/Assets/Particles/Materials/M_smoke_gravity_noise_dirlit01.uasset" 313
"D:/UnrealProject/KuyuurVR/Content/Assets/Textures/t_debris_SUB.uasset" 314
"D:/UnrealProject/KuyuurVR/Content/Assets/Particles/Materials/M_debris_SUB.uasset" 315
"D:/UnrealProject/KuyuurVR/Content/Assets/Textures/t_debris_GPU.uasset" 316
"D:/UnrealProject/KuyuurVR/Content/Assets/Particles/Materials/M_debris_roc_GPU_Inst.uasset" 317
"D:/UnrealProject/KuyuurVR/Content/Assets/Textures/t_debris_grit_01.uasset" 318
"D:/UnrealProject/KuyuurVR/Content/Assets/Particles/Materials/M_debris_grit.uasset" 319
"D:/UnrealProject/KuyuurVR/Content/Assets/Textures/t_snow_GPU.uasset" 320
"D:/UnrealProject/KuyuurVR/Content/Assets/Particles/Materials/M_snow_GPU_Inst.uasset" 321
"D:/UnrealProject/KuyuurVR/Content/Assets/Particles/VFX_Impact_Snow.uasset" 322
"D:/UnrealProject/KuyuurVR/Content/UseActor/HitActor/Snow_master.uasset" 323
"D:/UnrealProject/KuyuurVR/Content/UseActor/HitActor/DestroyComponent.uasset" 324
"D:/UnrealProject/KuyuurVR/Content/MSPresets/MS_DefaultMaterial/MS_DefaultMaterial.uasset" 325
"D:/UnrealProject/KuyuurVR/Content/Assets/Textures/tcbkdcfr_2K_Albedo.uasset" 326
"D:/UnrealProject/KuyuurVR/Content/Assets/Textures/tcbkdcfr_2K_Normal.uasset" 327
"D:/UnrealProject/KuyuurVR/Content/Assets/Textures/tcbkdcfr_2K_Roughness.uasset" 328
"D:/UnrealProject/KuyuurVR/Content/Assets/Materials/Frozen_Lake_00_inst.uasset" 329
"D:/UnrealProject/KuyuurVR/Content/Assets/Meshes/KuyuurInstruments/Ice0.uasset" 330
"D:/UnrealProject/KuyuurVR/Content/UseActor/HitActor/WaterIce.uasset" 331
"D:/UnrealProject/KuyuurVR/Content/Assets/Meshes/Arms/Glove/GrabLite.uasset" 332
"D:/UnrealProject/KuyuurVR/Content/Staff/Lom/Lomtest.uasset" 333
"D:/UnrealProject/KuyuurVR/Content/UseActor/Master/Speare_master.uasset" 334
"D:/UnrealProject/KuyuurVR/Content/UseActor/Master/Actor_TwoHandMaster.uasset" 335
"D:/UnrealProject/KuyuurVR/Content/UseActor/Master/Shovel_master.uasset" 336
"D:/UnrealProject/KuyuurVR/Content/UseActor/Spawner_shovel.uasset" 337
"D:/UnrealProject/KuyuurVR/Content/Assets/Sounds/snow_hits_Cue.uasset" 338
"D:/UnrealProject/KuyuurVR/Content/UseActor/Shovel.uasset" 339
"D:/UnrealProject/KuyuurVR/Content/UseActor/Master/Shovel.uasset" 340
"D:/UnrealProject/KuyuurVR/Content/VFX_Weather/VFX_Weather_Textures/Noise_Snow_Flakes.uasset" 341
"D:/UnrealProject/KuyuurVR/Content/VFX_Weather/VFX_Weather_Materials/Snow_Distant_Material.uasset" 342
"D:/UnrealProject/KuyuurVR/Content/VFX_Weather/VFX_Weather_Materials/Snow_Light_Distant_Inst.uasset" 343
"D:/UnrealProject/KuyuurVR/Content/VFX_Weather/VFX_Weather_Meshes/Cylinder_ReversedNormals.uasset" 344
"D:/UnrealProject/KuyuurVR/Content/VirtualReality/Meshes/BeamMesh.uasset" 345
"D:/UnrealProject/KuyuurVR/Content/Widget/KuyuurWidget.uasset" 346
"../../../Engine/Content/Animation/DefaultAnimCurveCompressionSettings.uasset" 347
"../../../Engine/Content/ArtTools/RenderToTexture/Meshes/S_1_Unit_Plane.uasset" 348
"../../../Engine/Content/BasicShapes/Cone.uasset" 349
"../../../Engine/Content/BasicShapes/Plane.uasset" 350
"../../../Engine/Content/EditorLandscapeResources/DataLayer.uasset" 351
"../../../Engine/Content/EditorMaterials/GizmoMaterial.uasset" 352
"../../../Engine/Content/EditorMaterials/MAT_Groups_Toggle.uasset" 353
"../../../Engine/Content/EditorMaterials/MAT_Groups_Visibility.uasset" 354
"../../../Engine/Content/EditorMaterials/PreviewShadowIndicator.uasset" 355
"../../../Engine/Content/EditorMaterials/PreviewShadowIndicatorMaterial.uasset" 356
"../../../Engine/Content/EditorMaterials/MatineeGroups/MAT_ColorTrack.uasset" 357
"../../../Engine/Content/EditorMaterials/MatineeGroups/MAT_Groups_Anim.uasset" 358
"../../../Engine/Content/EditorMaterials/MatineeGroups/MAT_Groups_AudioMaster.uasset" 359
"../../../Engine/Content/EditorMaterials/MatineeGroups/MAT_Groups_Director.uasset" 360
"../../../Engine/Content/EditorMaterials/MatineeGroups/MAT_Groups_Event.uasset" 361
"../../../Engine/Content/EditorMaterials/MatineeGroups/MAT_Groups_Fade.uasset" 362
"../../../Engine/Content/EditorMaterials/MatineeGroups/MAT_Groups_Float.uasset" 363
"../../../Engine/Content/EditorMaterials/MatineeGroups/MAT_Groups_Move.uasset" 364
"../../../Engine/Content/EditorMaterials/MatineeGroups/MAT_Groups_Slomo.uasset" 365
"../../../Engine/Content/EditorMaterials/MatineeGroups/MAT_Groups_Sound.uasset" 366
"../../../Engine/Content/EditorMaterials/MatineeGroups/MAT_Groups_Vector.uasset" 367
"../../../Engine/Content/EditorMaterials/ParticleSystems/PSysThumbnail_NoImage.uasset" 368
"../../../Engine/Content/EditorMaterials/ParticleSystems/PSysThumbnail_OOD.uasset" 369
"../../../Engine/Content/EditorMaterials/Camera/CineMat.uasset" 370
"../../../Engine/Content/EditorMaterials/Camera/MI_CineMat_Rig.uasset" 371
"../../../Engine/Content/EditorMeshes/Camera/SM_CraneRig_Arm.uasset" 372
"../../../Engine/Content/EditorMeshes/Camera/SM_CraneRig_Base.uasset" 373
"../../../Engine/Content/EditorMeshes/Camera/SM_CraneRig_Body.uasset" 374
"../../../Engine/Content/EditorMeshes/Camera/SM_CraneRig_Mount.uasset" 375
"../../../Engine/Content/EditorMeshes/Camera/SM_RailRig_Mount.uasset" 376
"../../../Engine/Content/EditorMeshes/Camera/SM_RailRig_Track.uasset" 377
"../../../Engine/Content/EditorResources/BSPVertex.uasset" 378
"../../../Engine/Content/EditorResources/EmptyActor.uasset" 379
"../../../Engine/Content/EditorResources/S_Actor.uasset" 380
"../../../Engine/Content/EditorResources/S_Note.uasset" 381
"../../../Engine/Content/EditorResources/S_Trigger.uasset" 382
"../../../Engine/Content/EditorResources/AudioIcons/S_AudioComponent.uasset" 383
"../../../Engine/Content/EditorResources/LightIcons/S_LightError.uasset" 384
"../../../Engine/Content/EditorResources/SequenceRecorder/Countdown.uasset" 385
"../../../Engine/Content/EditorResources/SequenceRecorder/RecordingIndicator.uasset" 386
"../../../Engine/Content/EditorSounds/Notifications/CompileFailed.uasset" 387
"../../../Engine/Content/EditorSounds/Notifications/CompileFailed_Cue.uasset" 388
"../../../Engine/Content/EditorSounds/Notifications/CompileSuccess.uasset" 389
"../../../Engine/Content/EditorSounds/Notifications/CompileStart_Cue.uasset" 390
"../../../Engine/Content/EditorSounds/Notifications/CompileSuccess_Cue.uasset" 391
"../../../Engine/Content/EngineDamageTypes/DmgTypeBP_Environmental.uasset" 392
"../../../Engine/Content/EngineDebugMaterials/HeatmapGradient.uasset" 393
"../../../Engine/Content/EngineDebugMaterials/BoneWeightMaterial.uasset" 394
"../../../Engine/Content/EngineDebugMaterials/ClothMaterial.uasset" 395
"../../../Engine/Content/EngineDebugMaterials/ClothMaterial_WF.uasset" 396
"../../../Engine/Content/EngineDebugMaterials/DebugEditorMaterial.uasset" 397
"../../../Engine/Content/EngineDebugMaterials/DebugMeshMaterial.uasset" 398
"../../../Engine/Content/EngineDebugMaterials/GeomMaterial.uasset" 399
"../../../Engine/Content/EngineDebugMaterials/M_SimpleTranslucent.uasset" 400
"../../../Engine/Content/EngineFonts/Roboto.uasset" 401
"../../../Engine/Content/EngineFonts/Faces/RobotoTiny.uasset" 402
"../../../Engine/Content/EngineFonts/RobotoTiny.uasset" 403
"../../../Engine/Content/EngineMaterials/BaseFlattenDiffuseMap.uasset" 404
"../../../Engine/Content/EngineMaterials/BaseFlattenEmissiveMap.uasset" 405
"../../../Engine/Content/EngineMaterials/BaseFlattenGrayscaleMap.uasset" 406
"../../../Engine/Content/EngineMaterials/BaseFlattenNormalMap.uasset" 407
"../../../Engine/Content/EngineMaterials/BaseFlattenMaterial.uasset" 408
"../../../Engine/Content/EngineMaterials/DefaultBloomKernel.uasset" 409
"../../../Engine/Content/EngineMaterials/DefaultBokeh.uasset" 410
"../../../Engine/Content/EngineMaterials/DefaultDiffuse.uasset" 411
"../../../Engine/Content/EngineMaterials/DefaultDeferredDecalMaterial.uasset" 412
"../../../Engine/Content/EngineMaterials/DefaultLightFunctionMaterial.uasset" 413
"../../../Engine/Content/Functions/Engine_MaterialFunctions02/Utility/BreakOutFloat2Components.uasset" 414
"../../../Engine/Content/EngineMaterials/DefaultPostProcessMaterial.uasset" 415
"../../../Engine/Content/EngineFonts/RobotoDistanceField.uasset" 416
"../../../Engine/Content/EngineMaterials/DefaultTextMaterialOpaque.uasset" 417
"../../../Engine/Content/EngineMaterials/EditorBrushMaterial.uasset" 418
"../../../Engine/Content/EngineMaterials/Good64x64TilingNoiseHighFreq.uasset" 419
"../../../Engine/Content/EngineMaterials/MiniFont.uasset" 420
"../../../Engine/Content/EngineMaterials/InvalidLightmapSettings.uasset" 421
"../../../Engine/Content/EngineMaterials/M_InvalidLightmapSettings.uasset" 422
"../../../Engine/Content/Functions/Engine_MaterialFunctions02/WorldPositionOffset/CameraOffset.uasset" 423
"../../../Engine/Content/EngineMaterials/PhAT_JointLimitMaterial.uasset" 424
"../../../Engine/Content/EngineMaterials/PreintegratedSkinBRDF.uasset" 425
"../../../Engine/Content/EngineMaterials/RemoveSurfaceMaterial.uasset" 426
"../../../Engine/Content/EngineMaterials/WeightMapPlaceholderTexture.uasset" 427
"../../../Engine/Content/EngineResources/WhiteSquareTexture.uasset" 428
"../../../Engine/Content/EngineMaterials/Widget3DPassThrough.uasset" 429
"../../../Engine/Content/EngineMaterials/Widget3DPassThrough_Masked.uasset" 430
"../../../Engine/Content/EngineMaterials/Widget3DPassThrough_Opaque.uasset" 431
"../../../Engine/Content/EngineMaterials/Widget3DPassThrough_Masked_OneSided.uasset" 432
"../../../Engine/Content/EngineMaterials/Widget3DPassThrough_Opaque_OneSided.uasset" 433
"../../../Engine/Content/EngineMaterials/Widget3DPassThrough_Translucent.uasset" 434
"../../../Engine/Content/EngineMaterials/Widget3DPassThrough_Translucent_OneSided.uasset" 435
"../../../Engine/Content/EngineMeshes/Cylinder.uasset" 436
"../../../Engine/Content/EngineMeshes/Sphere.uasset" 437
"../../../Engine/Content/EngineResources/DefaultTexture.uasset" 438
"../../../Engine/Content/EngineResources/DefaultTextureCube.uasset" 439
"../../../Engine/Content/EngineResources/DefaultVolumeTexture2D.uasset" 440
"../../../Engine/Content/EngineResources/DefaultVolumeTexture.uasset" 441
"../../../Engine/Content/EngineResources/GradientTexture0.uasset" 442
"../../../Engine/Content/EngineSounds/Master.uasset" 443
"../../../Engine/Content/Functions/Engine_MaterialFunctions01/Shading/ConvertFromDiffSpec.uasset" 444
"../../../Engine/Content/Functions/Engine_MaterialFunctions01/Shading/PowerToRoughness.uasset" 445
"../../../Engine/Content/Maps/Templates/Thumbnails/Default.uasset" 446
"../../../Engine/Content/Maps/Templates/Thumbnails/VR-Basic.uasset" 447
"../../../Engine/Content/MobileResources/T_MobileControls_texture.uasset" 448
"../../../Engine/Content/MobileResources/T_MobileMenu2.uasset" 449
"../../../Engine/Content/MobileResources/HUD/AnalogHat.uasset" 450
"../../../Engine/Content/MobileResources/HUD/VirtualJoystick_Background.uasset" 451
"../../../Engine/Content/MobileResources/HUD/VirtualJoystick_Thumb.uasset" 452
"../../../Engine/Content/MobileResources/HUD/DefaultVirtualJoysticks.uasset" 453
"../../../Engine/Content/MobileResources/HUD/LeftVirtualJoystickOnly.uasset" 454
"../../../Engine/Content/MobileResources/HUD/MobileHUDButton1_off.uasset" 455
"../../../Engine/Content/MobileResources/HUD/MobileHUDButton1_on.uasset" 456
"../../../Engine/Content/MobileResources/HUD/MobileHUDButton2_off.uasset" 457
"../../../Engine/Content/MobileResources/HUD/MobileHUDButton2_on.uasset" 458
"../../../Engine/Content/MobileResources/HUD/MobileHUDButton3.uasset" 459
"../../../Engine/Content/MobileResources/HUD/MobileHUDButtonFire.uasset" 460
"../../../Engine/Content/MobileResources/HUD/MobileHUDDirectionPad.uasset" 461
"../../../Engine/Content/MobileResources/HUD/MobileHUDDirectionPad2.uasset" 462
"../../../Engine/Content/MobileResources/HUD/MobileHUDDirectionPad3.uasset" 463
"../../../Engine/Content/MobileResources/HUD/MobileHUDDirectionStick.uasset" 464
"../../../Engine/Content/MobileResources/HUD/T_Castle_ThumbstickInner.uasset" 465
"../../../Engine/Content/MobileResources/HUD/T_Castle_ThumbstickOutter.uasset" 466
"../../../Engine/Content/Tutorial/ContentIntroCurve.uasset" 467
"../../../Engine/Content/Tutorial/Basics/LevelEditorAttract.uasset" 468
"../../../Engine/Content/Tutorial/Basics/TutorialAssets/icon_tab_Levels_40x.uasset" 469
"../../../Engine/Content/Tutorial/Basics/LevelEditorOverview.uasset" 470
"../../../Engine/Content/VREditor/LaserPointer/VR_LaserPower_01.uasset" 471
"../../../Engine/Content/VREditor/TransformGizmo/TransformGizmoMaterial.uasset" 472
"../../../Engine/Content/VREditor/TransformGizmo/TranslucentTransformGizmoMaterial.uasset" 473
"../../../Engine/Content/VREditor/TransformGizmo/BoundingBoxCorner.uasset" 474
"../../../Engine/Content/VREditor/TransformGizmo/BoundingBoxEdge.uasset" 475
"../../../Engine/Content/VREditor/TransformGizmo/PlaneTranslationHandle.uasset" 476
"../../../Engine/Content/VREditor/TransformGizmo/Main.uasset" 477
"../../../Engine/Content/VREditor/TransformGizmo/Xray.uasset" 478
"../../../Engine/Content/VREditor/TransformGizmo/SM_Sequencer_Key.uasset" 479
"../../../Engine/Content/VREditor/TransformGizmo/SM_Sequencer_Node.uasset" 480
"../../Plugins/2D/Paper2D/Content/PlaceholderTextures/DummySpriteTexture.uasset" 481
"../../Plugins/2D/Paper2D/Content/DummySprite.uasset" 482
"../../Plugins/2D/Paper2D/Content/DefaultPaperTerrainMaterial.uasset" 483
"../../Plugins/2D/Paper2D/Content/DummySpriteTexture.uasset" 484
"../../Plugins/2D/Paper2D/Content/DefaultSpriteMaterial.uasset" 485
"../../Plugins/2D/Paper2D/Content/MaskedUnlitSpriteMaterial.uasset" 486
"../../Plugins/2D/Paper2D/Content/OpaqueUnlitSpriteMaterial.uasset" 487
"../../Plugins/Runtime/Oculus/OculusVR/Content/OculusMR_RenderTarget.uasset" 488
"../../../Engine/Content/Functions/Engine_MaterialFunctions02/Utility/BreakOutFloat4Components.uasset" 489
"../../../Engine/Content/Functions/Engine_MaterialFunctions02/Utility/MakeFloat2.uasset" 490
"../../../Engine/Content/Functions/Engine_MaterialFunctions02/Utility/MakeFloat3.uasset" 491
"../../Plugins/Runtime/Oculus/OculusVR/Content/Materials/OculusMR_ChromaKey.uasset" 492
"../../Plugins/Runtime/Oculus/OculusVR/Content/Materials/OculusMR_ChromaKey_Lit.uasset" 493
"../../Plugins/Runtime/Oculus/OculusVR/Content/Materials/OculusMR_OpaqueColoredMaterial.uasset" 494
"../../Plugins/Runtime/Oculus/OculusVR/Content/Materials/OculusMR_WhiteMaterial.uasset" 495
"../../Plugins/Runtime/Oculus/OculusVR/Content/Materials/PokeAHoleMaterial.uasset" 496
"../../Plugins/Runtime/Oculus/OculusVR/Content/Textures/GearVRController_AO.uasset" 497
"../../Plugins/Runtime/Oculus/OculusVR/Content/Textures/GearVRController_Color.uasset" 498
"../../Plugins/Runtime/Oculus/OculusVR/Content/Textures/GearVRController_Normal.uasset" 499
"../../Plugins/Runtime/Oculus/OculusVR/Content/Materials/GearVRControllerMaterial.uasset" 500
"../../Plugins/Runtime/Oculus/OculusVR/Content/Meshes/GearVrController.uasset" 501
"../../Plugins/Runtime/Oculus/OculusVR/Content/Textures/touchController_albedo.uasset" 502
"../../Plugins/Runtime/Oculus/OculusVR/Content/Textures/touchController_controlmap.uasset" 503
"../../Plugins/Runtime/Oculus/OculusVR/Content/Materials/touchController_mat.uasset" 504
"../../Plugins/Runtime/Oculus/OculusVR/Content/Meshes/LeftTouchController.uasset" 505
"../../Plugins/Runtime/Oculus/OculusVR/Content/Meshes/RiftHMD.uasset" 506
"../../Plugins/Runtime/Oculus/OculusVR/Content/Meshes/RightTouchController.uasset" 507
"D:/UnrealProject/KuyuurVR/Content/Assets/Meshes/Fish/Fish_Skeleton.uasset" 508
"D:/UnrealProject/KuyuurVR/Content/Assets/Meshes/Fish/Fish_Anim.uasset" 509
"../../../Engine/Content/EngineSky/C_Sky_Cloud_Color.uasset" 510
"../../../Engine/Content/EngineSky/C_Sky_Horizon_Color.uasset" 511
"../../../Engine/Content/EngineSky/C_Sky_Zenith_Color.uasset" 512
"../../../Engine/Content/EngineSky/T_Sky_Blue.uasset" 513
"../../../Engine/Content/EngineSky/T_Sky_Clouds_M.uasset" 514
"../../../Engine/Content/EngineSky/T_Sky_Stars.uasset" 515
"../../../Engine/Content/EngineSky/M_Sky_Panning_Clouds2.uasset" 516
"../../../Engine/Content/EngineSky/SM_SkySphere.uasset" 517
"../../../Engine/Content/EngineSky/BP_Sky_Sphere.uasset" 518
"D:/UnrealProject/KuyuurVR/Content/Assets/Textures/widetrack_Base_D.uasset" 519
"D:/UnrealProject/KuyuurVR/Content/Assets/Textures/widetrack_Base_NM.uasset" 520
"D:/UnrealProject/KuyuurVR/Content/Assets/Textures/widetrack_Base_ORM.uasset" 521
"D:/UnrealProject/KuyuurVR/Content/Assets/Materials/widetrack_Base1.uasset" 522
"D:/UnrealProject/KuyuurVR/Content/Assets/Meshes/Widetrack/Widetrack_base.uasset" 523
"D:/UnrealProject/KuyuurVR/Content/Assets/Textures/widetrack_Belt_D.uasset" 524
"D:/UnrealProject/KuyuurVR/Content/Assets/Textures/widetrack_Belt_NM.uasset" 525
"D:/UnrealProject/KuyuurVR/Content/Assets/Textures/widetrack_Belt_ORM.uasset" 526
"D:/UnrealProject/KuyuurVR/Content/Assets/Materials/widetrack_belt1.uasset" 527
"D:/UnrealProject/KuyuurVR/Content/Assets/Meshes/Widetrack/Widetrack_Belt.uasset" 528
"D:/UnrealProject/KuyuurVR/Content/Assets/Textures/widetrack_window_d.uasset" 529
"D:/UnrealProject/KuyuurVR/Content/Assets/Materials/widetrack_glass1.uasset" 530
"D:/UnrealProject/KuyuurVR/Content/Assets/Meshes/Widetrack/Widetrack_Glass.uasset" 531
"D:/UnrealProject/KuyuurVR/Content/Assets/Meshes/Widetrack/BP_Widetrack.uasset" 532
"D:/UnrealProject/KuyuurVR/Content/Maps/AssetsOverview_BuiltData.uasset" 533
"../../../Engine/Content/Functions/Engine_MaterialFunctions03/Blends/Blend_Difference.uasset" 534
"D:/UnrealProject/KuyuurVR/Content/Assets/Textures/pr_background_mountain_a_N.uasset" 535
"D:/UnrealProject/KuyuurVR/Content/Assets/Textures/pr_background_mountain_a_winter_Splat.uasset" 536
"D:/UnrealProject/KuyuurVR/Content/Assets/Textures/SM_rock_a_d.uasset" 537
"D:/UnrealProject/KuyuurVR/Content/Assets/Textures/SM_rock_a_n.uasset" 538
"D:/UnrealProject/KuyuurVR/Content/Assets/Textures/SM_snow_a_d.uasset" 539
"D:/UnrealProject/KuyuurVR/Content/Assets/Textures/SM_snow_a_n.uasset" 540
"D:/UnrealProject/KuyuurVR/Content/Assets/Materials/Mountain_Winter/pr_background_mountain_a_M_winter.uasset" 541
"../../../Engine/Content/Functions/Engine_MaterialFunctions01/AlphaBlend/WorldAlignedBlend.uasset" 542
"../../../Engine/Content/Functions/Engine_MaterialFunctions01/Shading/FuzzyShading.uasset" 543
"../../../Engine/Content/Functions/Engine_MaterialFunctions02/Math/MultiplyAdd.uasset" 544
"../../../Engine/Content/EngineMaterials/DefaultNormal.uasset" 545
"../../../Engine/Content/EngineMaterials/DefaultWhiteGrid.uasset" 546
"D:/UnrealProject/KuyuurVR/Content/MSPresets/MSTextures/noise_mask.uasset" 547
"D:/UnrealProject/KuyuurVR/Content/MSPresets/MSTextures/noise_normal.uasset" 548
"D:/UnrealProject/KuyuurVR/Content/MSPresets/SurfaceBlend_MasterMaterial/SurfaceBlend_MasterMaterial.uasset" 549
"D:/UnrealProject/KuyuurVR/Content/Assets/Textures/qbArR_2K_Albedo.uasset" 550
"D:/UnrealProject/KuyuurVR/Content/Assets/Textures/qbArR_2K_Normal.uasset" 551
"D:/UnrealProject/KuyuurVR/Content/Assets/Textures/qbArR_2K_Roughness.uasset" 552
"D:/UnrealProject/KuyuurVR/Content/Assets/Materials/IceHoleBlendMat.uasset" 553
"../../../Engine/Content/Functions/Engine_MaterialFunctions03/Blends/Blend_ColorBurn.uasset" 554
"D:/UnrealProject/KuyuurVR/Content/Assets/Textures/grass_fall_a_d.uasset" 555
"D:/UnrealProject/KuyuurVR/Content/Assets/Textures/grass_fall_a_n.uasset" 556
"D:/UnrealProject/KuyuurVR/Content/Assets/Textures/pr_background_mountain_a_SPLAT.uasset" 557
"D:/UnrealProject/KuyuurVR/Content/Assets/Textures/SM_grass_c_d.uasset" 558
"D:/UnrealProject/KuyuurVR/Content/Assets/Textures/SM_grass_c_n.uasset" 559
"D:/UnrealProject/KuyuurVR/Content/Assets/Textures/SM_ground_gravel_b_d.uasset" 560
"D:/UnrealProject/KuyuurVR/Content/Assets/Textures/SM_ground_gravel_b_n.uasset" 561
"D:/UnrealProject/KuyuurVR/Content/Assets/Textures/SM_sand_pebbles_a_d.uasset" 562
"D:/UnrealProject/KuyuurVR/Content/Assets/Textures/SM_sand_pebbles_a_n.uasset" 563
"D:/UnrealProject/KuyuurVR/Content/Assets/Materials/Mountain_Summer/pr_background_mountain_a_M_summer.uasset" 564
"D:/UnrealProject/KuyuurVR/Content/Assets/Meshes/360d_Horizon/Mountain_a/PR_background_A_E1.uasset" 565
"D:/UnrealProject/KuyuurVR/Content/Assets/Meshes/360d_Horizon/Mountain_a/PR_background_A_E2.uasset" 566
"D:/UnrealProject/KuyuurVR/Content/Assets/Meshes/360d_Horizon/Mountain_a/PR_background_A_N1.uasset" 567
"D:/UnrealProject/KuyuurVR/Content/Assets/Meshes/360d_Horizon/Mountain_a/PR_background_A_N2.uasset" 568
"D:/UnrealProject/KuyuurVR/Content/Assets/Meshes/360d_Horizon/Mountain_a/PR_background_A_S1.uasset" 569
"D:/UnrealProject/KuyuurVR/Content/Assets/Meshes/360d_Horizon/Mountain_a/PR_background_A_S2.uasset" 570
"D:/UnrealProject/KuyuurVR/Content/Assets/Meshes/360d_Horizon/Mountain_a/PR_background_A_W1.uasset" 571
"D:/UnrealProject/KuyuurVR/Content/Assets/Meshes/360d_Horizon/Mountain_a/PR_background_A_W2.uasset" 572
"D:/UnrealProject/KuyuurVR/Content/Assets/Textures/crucian-carp_D.uasset" 573
"D:/UnrealProject/KuyuurVR/Content/Assets/Textures/crucian_NM.uasset" 574
"D:/UnrealProject/KuyuurVR/Content/Assets/Materials/crucian_carp1.uasset" 575
"D:/UnrealProject/KuyuurVR/Content/Assets/Meshes/Fish/Fish_PhysicsAsset.uasset" 576
"D:/UnrealProject/KuyuurVR/Content/Assets/Meshes/Fish/Fish.uasset" 577
"D:/UnrealProject/KuyuurVR/Content/Assets/Meshes/Fish/FishDead.uasset" 578
"D:/UnrealProject/KuyuurVR/Content/Assets/Meshes/KuyuurInstruments/Ice1.uasset" 579
"D:/UnrealProject/KuyuurVR/Content/Assets/Meshes/KuyuurInstruments/Ice2.uasset" 580
"D:/UnrealProject/KuyuurVR/Content/Assets/Meshes/KuyuurInstruments/IceHole.uasset" 581
"D:/UnrealProject/KuyuurVR/Content/Assets/Meshes/KuyuurInstruments/KLopata.uasset" 582
"D:/UnrealProject/KuyuurVR/Content/Assets/Meshes/KuyuurInstruments/KSpear.uasset" 583
"D:/UnrealProject/KuyuurVR/Content/Assets/Materials/Snow_00_inst.uasset" 584
"D:/UnrealProject/KuyuurVR/Content/Assets/Meshes/KuyuurInstruments/Snow0.uasset" 585
"D:/UnrealProject/KuyuurVR/Content/Assets/Meshes/KuyuurInstruments/Snow1.uasset" 586
"D:/UnrealProject/KuyuurVR/Content/Assets/Meshes/KuyuurInstruments/Snow2.uasset" 587
"D:/UnrealProject/KuyuurVR/Content/Assets/Textures/Pritsep_D.uasset" 588
"D:/UnrealProject/KuyuurVR/Content/Assets/Textures/Pritsep_NM.uasset" 589
"D:/UnrealProject/KuyuurVR/Content/Assets/Textures/Pritsep_ORM.uasset" 590
"D:/UnrealProject/KuyuurVR/Content/Assets/Materials/M_Pritsep.uasset" 591
"D:/UnrealProject/KuyuurVR/Content/Assets/Meshes/Widetrack/Pritsep.uasset" 592
"D:/UnrealProject/KuyuurVR/Content/Maps/AssetsOverview.umap" 593
"D:/UnrealProject/KuyuurVR/Content/Mannequin/Animations/ThirdPersonIdle.uasset" 594
"D:/UnrealProject/KuyuurVR/Content/UseActor/Start_Teleport.uasset" 595
"D:/UnrealProject/KuyuurVR/Content/Assets/Audio/OculusAudioSettings/OculusTorchSettings.uasset" 596
"D:/UnrealProject/KuyuurVR/Content/Assets/Audio/ResonanceAudioSettings/ResonanceHRTFSpatialization.uasset" 597
"D:/UnrealProject/KuyuurVR/Content/Assets/Audio/SoundAttenuations/SA_TorchSmall.uasset" 598
"D:/UnrealProject/KuyuurVR/Content/Assets/Audio/OculusAudioSettings/OculusHRTFSourceSettings.uasset" 599
"D:/UnrealProject/KuyuurVR/Content/Assets/Audio/SteamAudioSettings/PhononTorchOcclusion.uasset" 600
"D:/UnrealProject/KuyuurVR/Content/Assets/Audio/SteamAudioSettings/PhononTorchReverb.uasset" 601
"D:/UnrealProject/KuyuurVR/Content/Assets/Audio/SteamAudioSettings/PhononTorchSpatialization.uasset" 602
"D:/UnrealProject/KuyuurVR/Content/Assets/Audio/SoundAttenuations/SA_TorchSteamAudioAltAtten.uasset" 603
"D:/UnrealProject/KuyuurVR/Content/Assets/Audio/SoundConcurrencies/SC_TorchFlameConcurrency.uasset" 604
"D:/UnrealProject/KuyuurVR/Content/Assets/Audio/TorchSounds/SW_sfx_TorchGentle_01_lp.uasset" 605
"../../../Engine/Content/Functions/Engine_MaterialFunctions01/ImageAdjustment/DeriveHDRfromLDR.uasset" 606
"D:/UnrealProject/KuyuurVR/Content/FX/Materials/Functions/MF_FadeBasedOnViewAngle.uasset" 607
"D:/UnrealProject/KuyuurVR/Content/FX/Materials/Functions/MF_SubUV_Detail.uasset" 608
"D:/UnrealProject/KuyuurVR/Content/FX/Textures/Fire/T_fx_fire_fireball_subUV_01.uasset" 609
"D:/UnrealProject/KuyuurVR/Content/FX/Textures/Tile/Noise/T_Inky_Smoke_Tile.uasset" 610
"D:/UnrealProject/KuyuurVR/Content/FX/Materials/Fire/M_FX_Fire_Flamethrower_SubUV_01_Masked.uasset" 611
"D:/UnrealProject/KuyuurVR/Content/FX/Materials/Functions/MF_CameraDistanceFade.uasset" 612
"D:/UnrealProject/KuyuurVR/Content/FX/Materials/Functions/MF_Fire_CameraFade.uasset" 613
"D:/UnrealProject/KuyuurVR/Content/FX/Materials/Functions/MF_FX_EmissiveModulate.uasset" 614
"D:/UnrealProject/KuyuurVR/Content/FX/Textures/Fire/T_FireblastPacked_v2.uasset" 615
"D:/UnrealProject/KuyuurVR/Content/FX/Materials/Fire/M_FX_Fireblast_SubUV_02.uasset" 616
"../../../Engine/Content/Functions/Engine_MaterialFunctions01/Coordinates/PixelInWorldUnits.uasset" 617
"../../../Engine/Content/Functions/Engine_MaterialFunctions01/Coordinates/WorldUnitsInPixel.uasset" 618
"../../../Engine/Content/Functions/Engine_MaterialFunctions03/Particles/ParticleDOF.uasset" 619
"D:/UnrealProject/KuyuurVR/Content/FX/Materials/Functions/MF_ParticleRandomSize.uasset" 620
"../../../Engine/Content/Engine_MI_Shaders/Textures/Bokeh.uasset" 621
"D:/UnrealProject/KuyuurVR/Content/FX/Textures/Sparks/T_Spark_Soft.uasset" 622
"D:/UnrealProject/KuyuurVR/Content/FX/Textures/Sparks/T_SparkSingle.uasset" 623
"D:/UnrealProject/KuyuurVR/Content/FX/Materials/Sparks/M_Hotdog_Spark_VLerp_DOF_Rand_Master.uasset" 624
"D:/UnrealProject/KuyuurVR/Content/FX/VectorFields/Shape/VF_VelocityGrid60.uasset" 625
"D:/UnrealProject/KuyuurVR/Content/FX/Particles/Fire/P_Temple_Fire_Small.uasset" 626
"D:/UnrealProject/KuyuurVR/Content/FX/BluePrints/BP_Fires.uasset" 627
"../../../Engine/Content/Functions/Engine_MaterialFunctions02/SafeNormalize.uasset" 628
"../../../Engine/Content/Functions/Engine_MaterialFunctions02/Math/CreateThirdOrthogonalVector.uasset" 629
"../../../Engine/Content/Functions/Engine_MaterialFunctions02/Utility/BreakOutFloat3Components.uasset" 630
"../../../Engine/Content/Functions/Engine_MaterialFunctions02/Math/Transform3x3Matrix.uasset" 631
"../../../Engine/Content/Functions/Engine_MaterialFunctions02/TangentBasis.uasset" 632
"../../../Engine/Content/Functions/Engine_MaterialFunctions01/WorldPositionOffset/SplineThicken.uasset" 633
"D:/UnrealProject/KuyuurVR/Content/Environment/Blueprints/Lightshaft/T_GodRay_Mask01.uasset" 634
"D:/UnrealProject/KuyuurVR/Content/Environment/Textures/Noise/TilingNoise02.uasset" 635
"D:/UnrealProject/KuyuurVR/Content/Environment/Blueprints/Lightshaft/M_GodRay.uasset" 636
"D:/UnrealProject/KuyuurVR/Content/Environment/Blueprints/Lightshaft/M_GodRay_Inst_Animated.uasset" 637
"D:/UnrealProject/KuyuurVR/Content/Environment/Blueprints/Lightshaft/SM_GodRay_Plane.uasset" 638
"D:/UnrealProject/KuyuurVR/Content/Environment/Blueprints/Lightshaft/T_GodRay_Mask02.uasset" 639
"D:/UnrealProject/KuyuurVR/Content/Environment/Blueprints/Lightshaft/BP_GodRay.uasset" 640
"D:/UnrealProject/KuyuurVR/Content/Character/VR_gamemode_Urassa.uasset" 641
"D:/UnrealProject/KuyuurVR/Content/MeshCharacter/Stew/Stew_Idle.uasset" 642
"D:/UnrealProject/KuyuurVR/Content/MeshCharacter/Stew/stew_D.uasset" 643
"D:/UnrealProject/KuyuurVR/Content/MeshCharacter/Stew/Tex_0088_0_dds.uasset" 644
"D:/UnrealProject/KuyuurVR/Content/MeshCharacter/Stew/Stew_PhysicsAsset.uasset" 645
"D:/UnrealProject/KuyuurVR/Content/MeshCharacter/Stew/Stew.uasset" 646
"D:/UnrealProject/KuyuurVR/Content/UseActor/Stew_01.uasset" 647
"D:/UnrealProject/KuyuurVR/Content/Maps/Balagan_BuiltData.uasset" 648
"D:/UnrealProject/KuyuurVR/Content/Assets/Textures/fur_cow_d.uasset" 649
"D:/UnrealProject/KuyuurVR/Content/Assets/Textures/fur_cow_displ.uasset" 650
"D:/UnrealProject/KuyuurVR/Content/Assets/Materials/M_Carpet.uasset" 651
"D:/UnrealProject/KuyuurVR/Content/Assets/Materials/MI_Carpet.uasset" 652
"D:/UnrealProject/KuyuurVR/Content/Megascans/Surfaces/Old_Log_Wall_2x2_M_00/tg1adi3bw_2K_Albedo.uasset" 653
"D:/UnrealProject/KuyuurVR/Content/Megascans/Surfaces/Old_Log_Wall_2x2_M_00/tg1adi3bw_2K_Displacement.uasset" 654
"D:/UnrealProject/KuyuurVR/Content/Megascans/Surfaces/Old_Log_Wall_2x2_M_00/tg1adi3bw_2K_Normal.uasset" 655
"D:/UnrealProject/KuyuurVR/Content/Megascans/Surfaces/Old_Log_Wall_2x2_M_00/tg1adi3bw_2K_Roughness.uasset" 656
"D:/UnrealProject/KuyuurVR/Content/Megascans/Surfaces/Old_Log_Wall_2x2_M_00/Old_Log_Wall_2x2_M_00_inst.uasset" 657
"../../../Engine/Content/BasicShapes/Cube.uasset" 658
"D:/UnrealProject/KuyuurVR/Content/Megascans/Surfaces/Wooden_Planks_2x2_M_01/tf1medls_2K_Albedo.uasset" 659
"D:/UnrealProject/KuyuurVR/Content/Megascans/Surfaces/Wooden_Planks_2x2_M_01/tf1medls_2K_Displacement.uasset" 660
"D:/UnrealProject/KuyuurVR/Content/Megascans/Surfaces/Wooden_Planks_2x2_M_01/tf1medls_2K_Normal.uasset" 661
"D:/UnrealProject/KuyuurVR/Content/Megascans/Surfaces/Wooden_Planks_2x2_M_01/tf1medls_2K_Roughness.uasset" 662
"D:/UnrealProject/KuyuurVR/Content/Megascans/Surfaces/Wooden_Planks_2x2_M_01/Wooden_Planks_2x2_M_01_inst.uasset" 663
"D:/UnrealProject/KuyuurVR/Content/Assets/Meshes/Balagan/B_BedWd01.uasset" 664
"D:/UnrealProject/KuyuurVR/Content/Assets/Meshes/Balagan/B_BedWd02.uasset" 665
"D:/UnrealProject/KuyuurVR/Content/Assets/Meshes/Balagan/B_BedWd03.uasset" 666
"D:/UnrealProject/KuyuurVR/Content/Assets/Meshes/Balagan/B_BedWd04.uasset" 667
"D:/UnrealProject/KuyuurVR/Content/Megascans/Surfaces/Wooden_Panel_2x2_M_00/teilffxg_2K_Albedo.uasset" 668
"D:/UnrealProject/KuyuurVR/Content/Megascans/Surfaces/Wooden_Panel_2x2_M_00/teilffxg_2K_Displacement.uasset" 669
"D:/UnrealProject/KuyuurVR/Content/Megascans/Surfaces/Wooden_Panel_2x2_M_00/teilffxg_2K_Normal.uasset" 670
"D:/UnrealProject/KuyuurVR/Content/Megascans/Surfaces/Wooden_Panel_2x2_M_00/teilffxg_2K_Roughness.uasset" 671
"D:/UnrealProject/KuyuurVR/Content/Megascans/Surfaces/Wooden_Panel_2x2_M_00/Wooden_Panel_2x2_M_00_inst.uasset" 672
"D:/UnrealProject/KuyuurVR/Content/Assets/Meshes/Balagan/B_BedWdV01.uasset" 673
"D:/UnrealProject/KuyuurVR/Content/Megascans/Surfaces/Wooden_Planks_2x2_M_00/tjtkfjkfw_2K_Albedo.uasset" 674
"D:/UnrealProject/KuyuurVR/Content/Megascans/Surfaces/Wooden_Planks_2x2_M_00/tjtkfjkfw_2K_Displacement.uasset" 675
"D:/UnrealProject/KuyuurVR/Content/Megascans/Surfaces/Wooden_Planks_2x2_M_00/tjtkfjkfw_2K_Normal.uasset" 676
"D:/UnrealProject/KuyuurVR/Content/Megascans/Surfaces/Wooden_Planks_2x2_M_00/tjtkfjkfw_2K_Roughness.uasset" 677
"D:/UnrealProject/KuyuurVR/Content/Megascans/Surfaces/Wooden_Planks_2x2_M_00/Wooden_Planks_2x2_M_00_inst.uasset" 678
"D:/UnrealProject/KuyuurVR/Content/Assets/Meshes/Balagan/BDoor.uasset" 679
"D:/UnrealProject/KuyuurVR/Content/Assets/Meshes/Balagan/BDoorBrdr.uasset" 680
"D:/UnrealProject/KuyuurVR/Content/Assets/Materials/BM_BFloor.uasset" 681
"D:/UnrealProject/KuyuurVR/Content/Assets/Meshes/Balagan/BFloor.uasset" 682
"D:/UnrealProject/KuyuurVR/Content/Assets/Textures/TexturesCom_Wood_Rough_1K_albedo.uasset" 683
"D:/UnrealProject/KuyuurVR/Content/Assets/Textures/TexturesCom_Wood_Rough_1K_normal.uasset" 684
"D:/UnrealProject/KuyuurVR/Content/Assets/Textures/TexturesCom_Wood_Rough_ORH.uasset" 685
"D:/UnrealProject/KuyuurVR/Content/Assets/Materials/M_BStolb.uasset" 686
"D:/UnrealProject/KuyuurVR/Content/Assets/Meshes/Balagan/BFloorStolbH.uasset" 687
"D:/UnrealProject/KuyuurVR/Content/Assets/Meshes/Balagan/BRoof.uasset" 688
"D:/UnrealProject/KuyuurVR/Content/Assets/Meshes/Balagan/BStolbH2_01.uasset" 689
"D:/UnrealProject/KuyuurVR/Content/Assets/Meshes/Balagan/BStolbH_01.uasset" 690
"D:/UnrealProject/KuyuurVR/Content/Assets/Meshes/Balagan/BStolbV_01.uasset" 691
"D:/UnrealProject/KuyuurVR/Content/Assets/Meshes/Balagan/BStolbV_02.uasset" 692
"D:/UnrealProject/KuyuurVR/Content/Assets/Meshes/Balagan/BStolbV_03.uasset" 693
"D:/UnrealProject/KuyuurVR/Content/Megascans/Surfaces/Cracked_Soil_00/rmgfzqp_2K_Albedo.uasset" 694
"D:/UnrealProject/KuyuurVR/Content/Megascans/Surfaces/Cracked_Soil_00/rmgfzqp_2K_Displacement.uasset" 695
"D:/UnrealProject/KuyuurVR/Content/Megascans/Surfaces/Cracked_Soil_00/rmgfzqp_2K_Normal.uasset" 696
"D:/UnrealProject/KuyuurVR/Content/Megascans/Surfaces/Cracked_Soil_00/rmgfzqp_2K_Roughness.uasset" 697
"D:/UnrealProject/KuyuurVR/Content/Megascans/Surfaces/Cracked_Soil_00/Cracked_Soil_00_inst.uasset" 698
"D:/UnrealProject/KuyuurVR/Content/Assets/Meshes/Balagan/BStove.uasset" 699
"D:/UnrealProject/KuyuurVR/Content/Assets/Meshes/Balagan/BStoveBrdr.uasset" 700
"D:/UnrealProject/KuyuurVR/Content/Megascans/Surfaces/Construction_Gravel_00/pjwui_2K_Albedo.uasset" 701
"D:/UnrealProject/KuyuurVR/Content/Megascans/Surfaces/Construction_Gravel_00/pjwui_2K_Displacement.uasset" 702
"D:/UnrealProject/KuyuurVR/Content/Megascans/Surfaces/Construction_Gravel_00/pjwui_2K_Normal.uasset" 703
"D:/UnrealProject/KuyuurVR/Content/Megascans/Surfaces/Construction_Gravel_00/pjwui_2K_Roughness.uasset" 704
"D:/UnrealProject/KuyuurVR/Content/Megascans/Surfaces/Construction_Gravel_00/Construction_Gravel_00_inst.uasset" 705
"D:/UnrealProject/KuyuurVR/Content/Assets/Meshes/Balagan/BStoveGround.uasset" 706
"D:/UnrealProject/KuyuurVR/Content/Assets/Meshes/Balagan/BWall1.uasset" 707
"D:/UnrealProject/KuyuurVR/Content/Assets/Meshes/Balagan/BWall2.uasset" 708
"D:/UnrealProject/KuyuurVR/Content/Assets/Meshes/Balagan/BWall3.uasset" 709
"D:/UnrealProject/KuyuurVR/Content/Assets/Meshes/Balagan/BWallNoWindows.uasset" 710
"D:/UnrealProject/KuyuurVR/Content/Assets/Textures/bal_window_d.uasset" 711
"D:/UnrealProject/KuyuurVR/Content/Assets/Textures/bal_window_em.uasset" 712
"D:/UnrealProject/KuyuurVR/Content/Assets/Materials/M_balWindow.uasset" 713
"D:/UnrealProject/KuyuurVR/Content/Assets/Meshes/Balagan/BWindow.uasset" 714
"D:/UnrealProject/KuyuurVR/Content/Assets/Meshes/Balagan/BWindowBrdr.uasset" 715
"D:/UnrealProject/KuyuurVR/Content/Assets/Meshes/Balagan/CarpetCow.uasset" 716
"D:/UnrealProject/KuyuurVR/Content/Assets/Textures/Stul_D.uasset" 717
"D:/UnrealProject/KuyuurVR/Content/Assets/Textures/Stul_NM.uasset" 718
"D:/UnrealProject/KuyuurVR/Content/Assets/Textures/Stul_ORM.uasset" 719
"D:/UnrealProject/KuyuurVR/Content/Assets/Materials/M_MasterORM.uasset" 720
"D:/UnrealProject/KuyuurVR/Content/Assets/Textures/Pots_D.uasset" 721
"D:/UnrealProject/KuyuurVR/Content/Assets/Textures/Pots_NM.uasset" 722
"D:/UnrealProject/KuyuurVR/Content/Assets/Textures/Pots_ORM.uasset" 723
"D:/UnrealProject/KuyuurVR/Content/Assets/Materials/MI_Pots.uasset" 724
"D:/UnrealProject/KuyuurVR/Content/Assets/Meshes/Balagan/Pot01.uasset" 725
"D:/UnrealProject/KuyuurVR/Content/Assets/Meshes/Balagan/Pot02.uasset" 726
"D:/UnrealProject/KuyuurVR/Content/Assets/Meshes/Balagan/Pot03.uasset" 727
"D:/UnrealProject/KuyuurVR/Content/Assets/Meshes/Balagan/Pot04.uasset" 728
"D:/UnrealProject/KuyuurVR/Content/Assets/Materials/MI_Stul.uasset" 729
"D:/UnrealProject/KuyuurVR/Content/Assets/Meshes/Balagan/Stul.uasset" 730
"D:/UnrealProject/KuyuurVR/Content/Assets/Meshes/Balagan/TableOld.uasset" 731
"D:/UnrealProject/KuyuurVR/Content/Assets/Textures/T_Dust_Particle_D.uasset" 732
"D:/UnrealProject/KuyuurVR/Content/Assets/Particles/Materials/M_Dust_Particle.uasset" 733
"D:/UnrealProject/KuyuurVR/Content/Assets/Particles/P_Ambient_Dust.uasset" 734
"D:/UnrealProject/KuyuurVR/Content/Staff/Sound/6-8/6.uasset" 735
"D:/UnrealProject/KuyuurVR/Content/Staff/Sound/6-8/7.uasset" 736
"D:/UnrealProject/KuyuurVR/Content/Staff/Sound/6-8/8.uasset" 737
"D:/UnrealProject/KuyuurVR/Content/Staff/Sound/9-10/10.uasset" 738
"D:/UnrealProject/KuyuurVR/Content/Staff/Sound/9-10/9.uasset" 739
"D:/UnrealProject/KuyuurVR/Content/Maps/Balagan.umap" 740
"D:/UnrealProject/KuyuurVR/Content/UseActor/HitActor/Ice_master.uasset" 741
"D:/UnrealProject/KuyuurVR/Content/UseActor/StartGameKuyuur.uasset" 742
"D:/UnrealProject/KuyuurVR/Content/Character/VR_gamemode_Kuyuur.uasset" 743
"D:/UnrealProject/KuyuurVR/Content/UseActor/HitActor/DestroySnow.uasset" 744
"D:/UnrealProject/KuyuurVR/Content/Assets/Particles/VFX_Impact_Ice.uasset" 745
"D:/UnrealProject/KuyuurVR/Content/UseActor/HitActor/IceDestroyComponent.uasset" 746
"D:/UnrealProject/KuyuurVR/Content/Assets/Meshes/KuyuurInstruments/Led01.uasset" 747
"D:/UnrealProject/KuyuurVR/Content/Assets/Meshes/KuyuurInstruments/Led02.uasset" 748
"D:/UnrealProject/KuyuurVR/Content/Assets/Meshes/KuyuurInstruments/Led03.uasset" 749
"D:/UnrealProject/KuyuurVR/Content/UseActor/IceComponent.uasset" 750
"D:/UnrealProject/KuyuurVR/Content/UseActor/IceLot.uasset" 751
"D:/UnrealProject/KuyuurVR/Content/UseActor/IceDestroyer.uasset" 752
"D:/UnrealProject/KuyuurVR/Content/UseActor/OldMan.uasset" 753
"D:/UnrealProject/KuyuurVR/Content/UseActor/Spawner_Spear.uasset" 754
"D:/UnrealProject/KuyuurVR/Content/Assets/Sounds/ice_hits_Cue.uasset" 755
"D:/UnrealProject/KuyuurVR/Content/UseActor/Spear.uasset" 756
"D:/UnrealProject/KuyuurVR/Content/UseActor/Touch_child.uasset" 757
"D:/UnrealProject/KuyuurVR/Content/TrailSystem/Maps/ExampleMap_sharedassets/Dirt_LayerInfo.uasset" 758
"D:/UnrealProject/KuyuurVR/Content/TrailSystem/Maps/ExampleMap_sharedassets/Snow_LayerInfo.uasset" 759
"D:/UnrealProject/KuyuurVR/Content/Maps/Kuyuur_BuiltData.uasset" 760
"D:/UnrealProject/KuyuurVR/Content/TrailSystem/Materials/MPC_TrailsParams.uasset" 761
"D:/UnrealProject/KuyuurVR/Content/TrailSystem/Blueprints/RT_Trails.uasset" 762
"D:/UnrealProject/KuyuurVR/Content/TrailSystem/Materials/MF_Trails.uasset" 763
"D:/UnrealProject/KuyuurVR/Content/TrailSystem/Textures/T_Dirt_A.uasset" 764
"D:/UnrealProject/KuyuurVR/Content/TrailSystem/Textures/T_Dirt_H.uasset" 765
"D:/UnrealProject/KuyuurVR/Content/TrailSystem/Textures/T_Dirt_N.uasset" 766
"D:/UnrealProject/KuyuurVR/Content/TrailSystem/Textures/T_Dirt_R.uasset" 767
"D:/UnrealProject/KuyuurVR/Content/TrailSystem/Textures/T_Snow_H.uasset" 768
"D:/UnrealProject/KuyuurVR/Content/TrailSystem/Textures/T_Snow_N.uasset" 769
"D:/UnrealProject/KuyuurVR/Content/TrailSystem/Materials/Examples/M_SnowLandscape.uasset" 770
"D:/UnrealProject/KuyuurVR/Content/TrailSystem/Materials/Examples/M_SnowLandscape_Inst.uasset" 771
"../../../Engine/Content/EngineMaterials/DefaultPhysicalMaterial.uasset" 772
"D:/UnrealProject/KuyuurVR/Content/Assets/Textures/3Trees_A.uasset" 773
"D:/UnrealProject/KuyuurVR/Content/Assets/Textures/3Trees_D.uasset" 774
"D:/UnrealProject/KuyuurVR/Content/Assets/Materials/M_3Trees.uasset" 775
"D:/UnrealProject/KuyuurVR/Content/Assets/Meshes/3Trees/3Tree01.uasset" 776
"D:/UnrealProject/KuyuurVR/Content/Assets/Meshes/3Trees/3Tree02.uasset" 777
"D:/UnrealProject/KuyuurVR/Content/Assets/Meshes/3Trees/3Tree03.uasset" 778
"D:/UnrealProject/KuyuurVR/Content/Assets/Sounds/WinterForestAmbient.uasset" 779
"D:/UnrealProject/KuyuurVR/Content/Effects/Textures/Noise/T_TilingNoise03.uasset" 780
"D:/UnrealProject/KuyuurVR/Content/Effects/Textures/Smoke/T_SmokeSubUV_8X8_02.uasset" 781
"D:/UnrealProject/KuyuurVR/Content/Effects/Textures/Smoke/T_TilingClouds_01.uasset" 782
"D:/UnrealProject/KuyuurVR/Content/Effects/Materials/Snow/M_Snow_Blowing_Lit.uasset" 783
"D:/UnrealProject/KuyuurVR/Content/Effects/Particles/Snow/P_Mist_Lit_Still.uasset" 784
"../../../Engine/Content/EngineResources/Black.uasset" 785
"D:/UnrealProject/KuyuurVR/Content/InfinityBladeEffects/Effects/Masters/M_Add_Sprite_SubUV_Master.uasset" 786
"D:/UnrealProject/KuyuurVR/Content/InfinityBladeEffects/Effects/FX_Textures/Fire/T_Fire_subUV_6X6.uasset" 787
"D:/UnrealProject/KuyuurVR/Content/InfinityBladeEffects/Effects/FX_Materials/Fire/M_Fire_01_Add_6X6_INST.uasset" 788
"D:/UnrealProject/KuyuurVR/Content/InfinityBladeEffects/Effects/Masters/M_Add_Sprite_Master.uasset" 789
"D:/UnrealProject/KuyuurVR/Content/InfinityBladeEffects/Effects/FX_Textures/Gradient/T_starFlare_03.uasset" 790
"D:/UnrealProject/KuyuurVR/Content/InfinityBladeEffects/Effects/FX_Materials/Gradient/M_Flare_04_INST.uasset" 791
"D:/UnrealProject/KuyuurVR/Content/InfinityBladeEffects/Effects/FX_Textures/Smoke/T_SmokeBall_01_8_8.uasset" 792
"D:/UnrealProject/KuyuurVR/Content/InfinityBladeEffects/Effects/FX_Materials/Smoke/M_Smoke_01_8X8_INST.uasset" 793
"D:/UnrealProject/KuyuurVR/Content/InfinityBladeEffects/Effects/FX_Textures/Spark/T_Sparks_04_SubUV_1_4.uasset" 794
"D:/UnrealProject/KuyuurVR/Content/InfinityBladeEffects/Effects/FX_Materials/Spark/M_Spark_04_SubUV_1_4_INST.uasset" 795
"D:/UnrealProject/KuyuurVR/Content/InfinityBladeEffects/Effects/FX_Ambient/Fire/P_Fire_GroundFire_Blue_mobile.uasset" 796
"../../../Engine/Content/Functions/Engine_MaterialFunctions01/Density/ExponentialDensity.uasset" 797
"../../../Engine/Content/Functions/Engine_MaterialFunctions01/Gradient/RadialGradientExponential.uasset" 798
"D:/UnrealProject/KuyuurVR/Content/Assets/Textures/snowflakes_1.uasset" 799
"D:/UnrealProject/KuyuurVR/Content/VFX_Weather/VFX_Weather_Materials/SnowFlakes_Material.uasset" 800
"D:/UnrealProject/KuyuurVR/Content/VFX_Weather/VFX_Weather_Materials/SnowFlake_Inst.uasset" 801
"D:/UnrealProject/KuyuurVR/Content/VFX_Weather/VFX_Weather_Particles/P_SimpleSnow.uasset" 802
"D:/UnrealProject/KuyuurVR/Content/Maps/Kuyuur.umap" 803
"D:/UnrealProject/KuyuurVR/Content/Staff/GermanCondensed.uasset" 804
"D:/UnrealProject/KuyuurVR/Content/Staff/GermanCondensed_Font.uasset" 805
"D:/UnrealProject/KuyuurVR/Content/Assets/Sounds/ui_button_click.uasset" 806
"D:/UnrealProject/KuyuurVR/Content/Assets/Sounds/ui_button_click_Cue.uasset" 807
"D:/UnrealProject/KuyuurVR/Content/Assets/UI/b_eng_0.uasset" 808
"D:/UnrealProject/KuyuurVR/Content/Assets/UI/b_eng_1.uasset" 809
"D:/UnrealProject/KuyuurVR/Content/Assets/UI/b_info_0.uasset" 810
"D:/UnrealProject/KuyuurVR/Content/Assets/UI/b_info_1.uasset" 811
"D:/UnrealProject/KuyuurVR/Content/Assets/UI/b_play_0.uasset" 812
"D:/UnrealProject/KuyuurVR/Content/Assets/UI/b_play_1.uasset" 813
"D:/UnrealProject/KuyuurVR/Content/Assets/UI/b_rus_0.uasset" 814
"D:/UnrealProject/KuyuurVR/Content/Assets/UI/b_rus_1.uasset" 815
"D:/UnrealProject/KuyuurVR/Content/Assets/UI/b_sett_0.uasset" 816
"D:/UnrealProject/KuyuurVR/Content/Assets/UI/b_sett_1.uasset" 817
"D:/UnrealProject/KuyuurVR/Content/Assets/UI/b_ykt_0.uasset" 818
"D:/UnrealProject/KuyuurVR/Content/Assets/UI/b_ykt_1.uasset" 819
"D:/UnrealProject/KuyuurVR/Content/Assets/UI/MenusBG.uasset" 820
"D:/UnrealProject/KuyuurVR/Content/Assets/UI/play_circle.uasset" 821
"D:/UnrealProject/KuyuurVR/Content/Assets/UI/play_circle_brdr.uasset" 822
"D:/UnrealProject/KuyuurVR/Content/Widget/MainMenuWidget.uasset" 823
"D:/UnrealProject/KuyuurVR/Content/UseActor/Widget/MainMenu/MainMenuWidget.uasset" 824
"D:/UnrealProject/KuyuurVR/Content/Assets/Materials/M_Grid.uasset" 825
"D:/UnrealProject/KuyuurVR/Content/Assets/Textures/Masks2.uasset" 826
"D:/UnrealProject/KuyuurVR/Content/Assets/Materials/M_MMDec1.uasset" 827
"D:/UnrealProject/KuyuurVR/Content/Assets/Materials/M_MMDec2.uasset" 828
"D:/UnrealProject/KuyuurVR/Content/Assets/Materials/M_Panel.uasset" 829
"D:/UnrealProject/KuyuurVR/Content/Assets/Materials/MI_Panel.uasset" 830
"D:/UnrealProject/KuyuurVR/Content/Assets/Meshes/MainMenu/MM_BigGround.uasset" 831
"D:/UnrealProject/KuyuurVR/Content/Assets/Meshes/MainMenu/MM_DecMesh1.uasset" 832
"D:/UnrealProject/KuyuurVR/Content/Assets/Meshes/MainMenu/MM_Floor.uasset" 833
"D:/UnrealProject/KuyuurVR/Content/Maps/MainMenu.umap" 834
"D:/UnrealProject/KuyuurVR/Content/Assets/Materials/M_Default.uasset" 835
"D:/UnrealProject/KuyuurVR/Content/Assets/Materials/MI_Color3.uasset" 836
"D:/UnrealProject/KuyuurVR/Content/Assets/Materials/MI_Color4.uasset" 837
"D:/UnrealProject/KuyuurVR/Content/Assets/Meshes/KuyuurBuilding/KB_Carcas.uasset" 838
"D:/UnrealProject/KuyuurVR/Content/Assets/Textures/KB_Center_NM.uasset" 839
"D:/UnrealProject/KuyuurVR/Content/Assets/Materials/M_Center.uasset" 840
"D:/UnrealProject/KuyuurVR/Content/Assets/Meshes/KuyuurBuilding/KB_Center.uasset" 841
"D:/UnrealProject/KuyuurVR/Content/Assets/Meshes/KuyuurBuilding/KB_Door.uasset" 842
"D:/UnrealProject/KuyuurVR/Content/Assets/Materials/M_Glass.uasset" 843
"D:/UnrealProject/KuyuurVR/Content/Assets/Meshes/KuyuurBuilding/KB_DoorGlass.uasset" 844
"D:/UnrealProject/KuyuurVR/Content/Assets/Meshes/KuyuurBuilding/KB_DoorUzor.uasset" 845
"D:/UnrealProject/KuyuurVR/Content/Assets/Materials/MI_Color1.uasset" 846
"D:/UnrealProject/KuyuurVR/Content/Assets/Meshes/KuyuurBuilding/KB_Floor.uasset" 847
"D:/UnrealProject/KuyuurVR/Content/Assets/Meshes/KuyuurBuilding/KB_Glass.uasset" 848
"D:/UnrealProject/KuyuurVR/Content/Assets/Meshes/KuyuurBuilding/KB_GlassDecor.uasset" 849
"D:/UnrealProject/KuyuurVR/Content/Assets/Meshes/KuyuurBuilding/KB_GlassUzorTop.uasset" 850
"D:/UnrealProject/KuyuurVR/Content/Assets/Meshes/KuyuurBuilding/KB_InnerLamps.uasset" 851
"D:/UnrealProject/KuyuurVR/Content/Assets/Meshes/KuyuurBuilding/KB_InnerLampsUnder.uasset" 852
"D:/UnrealProject/KuyuurVR/Content/Assets/Meshes/KuyuurBuilding/KB_Rings.uasset" 853
"D:/UnrealProject/KuyuurVR/Content/Assets/Textures/SergeStolb_NM.uasset" 854
"D:/UnrealProject/KuyuurVR/Content/Assets/Materials/M_Serge.uasset" 855
"D:/UnrealProject/KuyuurVR/Content/Assets/Meshes/KuyuurBuilding/KB_SergeStolb.uasset" 856
"D:/UnrealProject/KuyuurVR/Content/Assets/Meshes/KuyuurBuilding/KB_Sit.uasset" 857
"D:/UnrealProject/KuyuurVR/Content/Assets/Meshes/KuyuurBuilding/KB_TopUzor.uasset" 858
"D:/UnrealProject/KuyuurVR/Content/Assets/Meshes/KuyuurBuilding/KB_Wall1.uasset" 859
"D:/UnrealProject/KuyuurVR/Content/Assets/Meshes/KuyuurBuilding/KB_Wall2.uasset" 860
"D:/UnrealProject/KuyuurVR/Content/Assets/Materials/MI_Color2.uasset" 861
"D:/UnrealProject/KuyuurVR/Content/Assets/Meshes/KuyuurBuilding/KB_WavesDecor.uasset" 862
"D:/UnrealProject/KuyuurVR/Content/Assets/Textures/T_Fire_SubUV.uasset" 863
"D:/UnrealProject/KuyuurVR/Content/Assets/Textures/T_Fire_Tiled_D.uasset" 864
"D:/UnrealProject/KuyuurVR/Content/Assets/Particles/Materials/M_Fire_SubUV.uasset" 865
"D:/UnrealProject/KuyuurVR/Content/Assets/Textures/T_Water_N.uasset" 866
"D:/UnrealProject/KuyuurVR/Content/Assets/Particles/Materials/M_Heat_Distortion.uasset" 867
"D:/UnrealProject/KuyuurVR/Content/Assets/Particles/Materials/M_Radial_Gradient.uasset" 868
"D:/UnrealProject/KuyuurVR/Content/Assets/Textures/T_Smoke_SubUV.uasset" 869
"D:/UnrealProject/KuyuurVR/Content/Assets/Textures/T_Smoke_Tiled_D.uasset" 870
"D:/UnrealProject/KuyuurVR/Content/Assets/Particles/Materials/M_smoke_subUV.uasset" 871
"D:/UnrealProject/KuyuurVR/Content/Assets/Particles/P_Fire.uasset" 872
"D:/UnrealProject/KuyuurVR/Content/Assets/Sounds/AmbientSoundUrasa.uasset" 873
"D:/UnrealProject/KuyuurVR/Content/Maps/Urasa.umap" 874
"../../../Engine/Content/Maps/Entry_BuiltData.uasset" 875
"../../../Engine/Content/Maps/Entry.umap" 876
